Log file open, 04/06/22 13:14:54
LogWindows: Failed to load 'aqProf.dll' (GetLastError=126)
LogWindows: File 'aqProf.dll' does not exist
LogWindows: Failed to load 'VtuneApi.dll' (GetLastError=126)
LogWindows: File 'VtuneApi.dll' does not exist
LogWindows: Failed to load 'VtuneApi32e.dll' (GetLastError=126)
LogWindows: File 'VtuneApi32e.dll' does not exist
LogConsoleResponse: Display: Failed to find resolution value strings in scalability ini. Falling back to default.
LogConsoleResponse: Display: Failed to find resolution value strings in scalability ini. Falling back to default.
LogInit: Display: Running engine for game: CollabProject
LogPlatformFile: Not using cached read wrapper
LogTaskGraph: Started task graph with 5 named threads and 47 total threads with 3 sets of task threads.
LogStats: Stats thread started at 0.230217
LogICUInternationalization: ICU TimeZone Detection - Raw Offset: +0:00, Platform Override: ''
LogInit: Display: Loading text-based GConfig....
LogPluginManager: Mounting plugin XGEController
LogPluginManager: Mounting plugin MeshPainting
LogPluginManager: Mounting plugin AISupport
LogPluginManager: Mounting plugin Paper2D
LogPluginManager: Mounting plugin LightPropagationVolume
LogPluginManager: Mounting plugin CameraShakePreviewer
LogPluginManager: Mounting plugin EnvironmentQueryEditor
LogPluginManager: Mounting plugin AnimationSharing
LogPluginManager: Mounting plugin AssetManagerEditor
LogPluginManager: Mounting plugin OodleData
LogPluginManager: Mounting plugin GameplayCameras
LogPluginManager: Mounting plugin OodleNetwork
LogPluginManager: Mounting plugin CLionSourceCodeAccess
LogPluginManager: Mounting plugin CodeLiteSourceCodeAccess
LogPluginManager: Mounting plugin DatasmithContent
LogPluginManager: Mounting plugin GitSourceControl
LogPluginManager: Mounting plugin KDevelopSourceCodeAccess
LogPluginManager: Mounting plugin NullSourceCodeAccess
LogPluginManager: Mounting plugin PixWinPlugin
LogPluginManager: Mounting plugin PerforceSourceControl
LogPluginManager: Mounting plugin CryptoKeys
LogPluginManager: Mounting plugin PlasticSourceControl
LogPluginManager: Mounting plugin PluginUtils
LogPluginManager: Mounting plugin SubversionSourceControl
LogPluginManager: Mounting plugin PropertyAccessNode
LogPluginManager: Mounting plugin AlembicImporter
LogPluginManager: Mounting plugin TextureFormatOodle
LogPluginManager: Mounting plugin UObjectPlugin
LogPluginManager: Mounting plugin AutomationUtils
LogPluginManager: Mounting plugin Niagara
LogPluginManager: Mounting plugin BackChannel
LogPluginManager: Mounting plugin VisualStudioCodeSourceCodeAccess
LogPluginManager: Mounting plugin ChaosCloth
LogPluginManager: Mounting plugin XCodeSourceCodeAccess
LogPluginManager: Mounting plugin VisualStudioSourceCodeAccess
LogPluginManager: Mounting plugin ChaosClothEditor
LogPluginManager: Mounting plugin ChaosEditor
LogPluginManager: Mounting plugin ChaosNiagara
LogPluginManager: Mounting plugin ChaosSolverPlugin
LogPluginManager: Mounting plugin CharacterAI
LogPluginManager: Mounting plugin RiderSourceCodeAccess
LogPluginManager: Mounting plugin GeometryCache
LogPluginManager: Mounting plugin LuminPlatformFeatures
LogPluginManager: Mounting plugin MagicLeap
LogPluginManager: Mounting plugin FacialAnimation
LogPluginManager: Mounting plugin CurveEditorTools
LogPluginManager: Mounting plugin DataValidation
LogPluginManager: Mounting plugin GameplayTagsEditor
LogPluginManager: Mounting plugin MacGraphicsSwitching
LogPluginManager: Mounting plugin GeometryMode
LogPluginManager: Mounting plugin MaterialAnalyzer
LogPluginManager: Mounting plugin MobileLauncherProfileWizard
LogPluginManager: Mounting plugin PluginBrowser
LogPluginManager: Mounting plugin SpeedTreeImporter
LogPluginManager: Mounting plugin LiveLink
LogPluginManager: Mounting plugin VariantManagerContent
LogPluginManager: Mounting plugin MagicLeapLightEstimation
LogPluginManager: Mounting plugin MagicLeapMedia
LogPluginManager: Mounting plugin MagicLeapPassableWorld
LogPluginManager: Mounting plugin MLSDK
LogPluginManager: Mounting plugin GeometryProcessing
LogPluginManager: Mounting plugin GeometryCollectionPlugin
LogPluginManager: Mounting plugin OpenImageDenoise
LogPluginManager: Mounting plugin MotoSynth
LogPluginManager: Mounting plugin PlanarCut
LogPluginManager: Mounting plugin PlatformCrypto
LogPluginManager: Mounting plugin PythonScriptPlugin
LogPluginManager: Mounting plugin ProxyLODPlugin
LogPluginManager: Mounting plugin SkeletalReduction
LogPluginManager: Mounting plugin OnlineSubsystem
LogPluginManager: Mounting plugin OnlineSubsystemNull
LogPluginManager: Mounting plugin LauncherChunkInstaller
LogPluginManager: Mounting plugin ActorSequence
LogPluginManager: Mounting plugin LevelSequenceEditor
LogPluginManager: Mounting plugin TemplateSequence
LogPluginManager: Mounting plugin MatineeToLevelSequence
LogPluginManager: Mounting plugin OnlineSubsystemUtils
LogPluginManager: Mounting plugin Takes
LogPluginManager: Mounting plugin TcpMessaging
LogPluginManager: Mounting plugin UdpMessaging
LogPluginManager: Mounting plugin ActorLayerUtilities
LogPluginManager: Mounting plugin AndroidDeviceProfileSelector
LogPluginManager: Mounting plugin AndroidPermission
LogPluginManager: Mounting plugin AndroidMoviePlayer
LogPluginManager: Mounting plugin AppleImageUtils
LogPluginManager: Mounting plugin AppleMoviePlayer
LogPluginManager: Mounting plugin AssetTags
LogPluginManager: Mounting plugin ArchVisCharacter
LogPluginManager: Mounting plugin AudioCapture
LogPluginManager: Mounting plugin AudioSynesthesia
LogPluginManager: Mounting plugin CableComponent
LogPluginManager: Mounting plugin ChunkDownloader
LogPluginManager: Mounting plugin CustomMeshComponent
LogPluginManager: Mounting plugin EditableMesh
LogPluginManager: Mounting plugin ExampleDeviceProfileSelector
LogPluginManager: Mounting plugin AndroidMedia
LogPluginManager: Mounting plugin GoogleCloudMessaging
LogPluginManager: Mounting plugin GooglePAD
LogPluginManager: Mounting plugin AvfMedia
LogPluginManager: Mounting plugin ImgMedia
LogPluginManager: Mounting plugin MediaCompositing
LogPluginManager: Mounting plugin MediaPlayerEditor
LogPluginManager: Mounting plugin WebMMedia
LogPluginManager: Mounting plugin WmfMedia
LogPluginManager: Mounting plugin IOSDeviceProfileSelector
LogPluginManager: Mounting plugin LocationServicesBPLibrary
LogPluginManager: Mounting plugin LinuxDeviceProfileSelector
LogPluginManager: Mounting plugin MobilePatchingUtils
LogPluginManager: Mounting plugin OpenXR
LogPluginManager: Mounting plugin OpenXREyeTracker
LogPluginManager: Mounting plugin OpenXRHandTracking
LogPluginManager: Mounting plugin PhysXVehicles
LogPluginManager: Mounting plugin PostSplashScreen
LogPluginManager: Mounting plugin ProceduralMeshComponent
LogPluginManager: Mounting plugin PropertyAccessEditor
LogPluginManager: Mounting plugin ScreenshotTools
LogPluginManager: Mounting plugin RuntimePhysXCooking
LogPluginManager: Mounting plugin SoundFields
LogPluginManager: Mounting plugin SignificanceManager
LogPluginManager: Mounting plugin Synthesis
LogPluginManager: Mounting plugin WindowsMoviePlayer
LogPluginManager: Mounting plugin WebMMoviePlayer
LogPluginManager: Mounting plugin ContentBrowserAssetDataSource
LogPluginManager: Mounting plugin ContentBrowserClassDataSource
LogPluginManager: Mounting plugin ContentBrowserFileDataSource
LogPluginManager: Mounting plugin OnlineSubsystemGooglePlay
LogPluginManager: Mounting plugin OnlineSubsystemIOS
LogPluginManager: Mounting plugin OculusVR
LogPluginManager: Mounting plugin SteamVR
PixWinPlugin: PIX capture plugin failed to initialize! Check that the process is launched from PIX.
LogInit: Using libcurl 7.55.1-DEV
LogInit:  - built for x86_64-pc-win32
LogInit:  - supports SSL with OpenSSL/1.1.1
LogInit:  - supports HTTP deflate (compression) using libz 1.2.8
LogInit:  - other features:
LogInit:      CURL_VERSION_SSL
LogInit:      CURL_VERSION_LIBZ
LogInit:      CURL_VERSION_IPV6
LogInit:      CURL_VERSION_ASYNCHDNS
LogInit:      CURL_VERSION_LARGEFILE
LogInit:      CURL_VERSION_IDN
LogInit:  CurlRequestOptions (configurable via config and command line):
LogInit:  - bVerifyPeer = true  - Libcurl will verify peer certificate
LogInit:  - bUseHttpProxy = false  - Libcurl will NOT use HTTP proxy
LogInit:  - bDontReuseConnections = false  - Libcurl will reuse connections
LogInit:  - MaxHostConnections = 16  - Libcurl will limit the number of connections to a host
LogInit:  - LocalHostAddr = Default
LogInit:  - BufferSize = 65536
LogOnline: OSS: Creating online subsystem instance for: NULL
LogInit: WinSock: version 1.1 (2.2), MaxSocks=32767, MaxUdp=65467
LogOnline: OSS: TryLoadSubsystemAndSetDefault: Loaded subsystem for module [NULL]
LogOculusPluginWrapper: OculusPlugin initialized successfully
LogHMD: Failed initializing OVRPlugin 1.59.0
LogInit: Build: ++UE4+Release-4.27-CL-17735300
LogInit: Engine Version: 4.27.1-17735300+++UE4+Release-4.27
LogInit: Compatible Engine Version: 4.27.0-17155196+++UE4+Release-4.27
LogInit: Net CL: 17155196
LogInit: OS: Windows 10 (Release 2009) (), CPU: AMD Ryzen 9 5900HX with Radeon Graphics        , GPU: AMD Radeon(TM) Graphics
LogInit: Compiled (64-bit): Oct  6 2021 14:42:51
LogInit: Compiled with Visual C++: 19.24.28315.00
LogInit: Build Configuration: Development
LogInit: Branch Name: ++UE4+Release-4.27
LogInit: Command Line:  /Game/FirstPersonBP/Maps/FirstPersonExampleMap -game -PIEVIACONSOLE -Multiprocess GameUserSettingsINI=C:/Users/eimis/AppData/Local/UnrealEngine/4.27/Saved/Config/Windows/PIEGameUserSettings0.ini -MultiprocessSaveConfig -forcepassthrough -messaging -SessionName="Play in Standalone Game" -windowed -WinX=5 -WinY=41 SAVEWINPOS=1 -ResX=2550 -ResY=1358
LogInit: Base Directory: C:/Program Files/Epic Games/UE_4.27/Engine/Binaries/Win64/
LogInit: Allocator: TBB
LogInit: Installed Engine Build: 1
LogDevObjectVersion: Number of dev versions registered: 29
LogDevObjectVersion:   Dev-Blueprints (B0D832E4-1F89-4F0D-ACCF-7EB736FD4AA2): 10
LogDevObjectVersion:   Dev-Build (E1C64328-A22C-4D53-A36C-8E866417BD8C): 0
LogDevObjectVersion:   Dev-Core (375EC13C-06E4-48FB-B500-84F0262A717E): 4
LogDevObjectVersion:   Dev-Editor (E4B068ED-F494-42E9-A231-DA0B2E46BB41): 40
LogDevObjectVersion:   Dev-Framework (CFFC743F-43B0-4480-9391-14DF171D2073): 37
LogDevObjectVersion:   Dev-Mobile (B02B49B5-BB20-44E9-A304-32B752E40360): 3
LogDevObjectVersion:   Dev-Networking (A4E4105C-59A1-49B5-A7C5-40C4547EDFEE): 0
LogDevObjectVersion:   Dev-Online (39C831C9-5AE6-47DC-9A44-9C173E1C8E7C): 0
LogDevObjectVersion:   Dev-Physics (78F01B33-EBEA-4F98-B9B4-84EACCB95AA2): 14
LogDevObjectVersion:   Dev-Platform (6631380F-2D4D-43E0-8009-CF276956A95A): 0
LogDevObjectVersion:   Dev-Rendering (12F88B9F-8875-4AFC-A67C-D90C383ABD29): 45
LogDevObjectVersion:   Dev-Sequencer (7B5AE74C-D270-4C10-A958-57980B212A5A): 13
LogDevObjectVersion:   Dev-VR (D7296918-1DD6-4BDD-9DE2-64A83CC13884): 3
LogDevObjectVersion:   Dev-LoadTimes (C2A15278-BFE7-4AFE-6C17-90FF531DF755): 1
LogDevObjectVersion:   Private-Geometry (6EACA3D4-40EC-4CC1-B786-8BED09428FC5): 3
LogDevObjectVersion:   Dev-AnimPhys (29E575DD-E0A3-4627-9D10-D276232CDCEA): 17
LogDevObjectVersion:   Dev-Anim (AF43A65D-7FD3-4947-9873-3E8ED9C1BB05): 15
LogDevObjectVersion:   Dev-ReflectionCapture (6B266CEC-1EC7-4B8F-A30B-E4D90942FC07): 1
LogDevObjectVersion:   Dev-Automation (0DF73D61-A23F-47EA-B727-89E90C41499A): 1
LogDevObjectVersion:   FortniteMain (601D1886-AC64-4F84-AA16-D3DE0DEAC7D6): 47
LogDevObjectVersion:   FortniteRelease (E7086368-6B23-4C58-8439-1B7016265E91): 1
LogDevObjectVersion:   Dev-Enterprise (9DFFBCD6-494F-0158-E221-12823C92A888): 10
LogDevObjectVersion:   Dev-Niagara (F2AED0AC-9AFE-416F-8664-AA7FFA26D6FC): 1
LogDevObjectVersion:   Dev-Destruction (174F1F0B-B4C6-45A5-B13F-2EE8D0FB917D): 10
LogDevObjectVersion:   Dev-Physics-Ext (35F94A83-E258-406C-A318-09F59610247C): 41
LogDevObjectVersion:   Dev-PhysicsMaterial-Chaos (B68FC16E-8B1B-42E2-B453-215C058844FE): 1
LogDevObjectVersion:   Dev-CineCamera (B2E18506-4273-CFC2-A54E-F4BB758BBA07): 1
LogDevObjectVersion:   Dev-VirtualProduction (64F58936-FD1B-42BA-BA96-7289D5D0FA4E): 1
LogDevObjectVersion:   Dev-MediaFramework (6F0ED827-A609-4895-9C91-998D90180EA4): 2
LogInit: Presizing for max 25165824 objects, including 0 objects not considered by GC, pre-allocating 0 bytes for permanent pool.
LogConfig: Applying CVar settings from Section [/Script/Engine.StreamingSettings] File [C:/Users/eimis/OneDrive/Desktop/college year 2/Colab/game/New shortcut.lnk/Saved/Config/Windows/Engine.ini]
LogConfig: Setting CVar [[s.MinBulkDataSizeForAsyncLoading:131072]]
LogConfig: Setting CVar [[s.AsyncLoadingThreadEnabled:0]]
LogConfig: Setting CVar [[s.EventDrivenLoaderEnabled:1]]
LogConfig: Setting CVar [[s.WarnIfTimeLimitExceeded:0]]
LogConfig: Setting CVar [[s.TimeLimitExceededMultiplier:1.5]]
LogConfig: Setting CVar [[s.TimeLimitExceededMinTime:0.005]]
LogConfig: Setting CVar [[s.UseBackgroundLevelStreaming:1]]
LogConfig: Setting CVar [[s.PriorityAsyncLoadingExtraTime:15.0]]
LogConfig: Setting CVar [[s.LevelStreamingActorsUpdateTimeLimit:5.0]]
LogConfig: Setting CVar [[s.PriorityLevelStreamingActorsUpdateExtraTime:5.0]]
LogConfig: Setting CVar [[s.LevelStreamingComponentsRegistrationGranularity:10]]
LogConfig: Setting CVar [[s.UnregisterComponentsTimeLimit:1.0]]
LogConfig: Setting CVar [[s.LevelStreamingComponentsUnregistrationGranularity:5]]
LogConfig: Setting CVar [[s.FlushStreamingOnExit:1]]
LogInit: Object subsystem initialized
LogConfig: Setting CVar [[con.DebugEarlyDefault:1]]
LogConfig: Setting CVar [[r.setres:1280x720]]
[2022.04.06-12.14.55:280][  0]LogConfig: Setting CVar [[con.DebugEarlyDefault:1]]
[2022.04.06-12.14.55:280][  0]LogConfig: Setting CVar [[r.setres:1280x720]]
[2022.04.06-12.14.55:280][  0]LogConfig: Applying CVar settings from Section [/Script/Engine.RendererSettings] File [C:/Users/eimis/OneDrive/Desktop/college year 2/Colab/game/New shortcut.lnk/Saved/Config/Windows/Engine.ini]
[2022.04.06-12.14.55:280][  0]LogConfig: Setting CVar [[r.GPUCrashDebugging:0]]
[2022.04.06-12.14.55:280][  0]LogConfig: Applying CVar settings from Section [/Script/Engine.RendererOverrideSettings] File [C:/Users/eimis/OneDrive/Desktop/college year 2/Colab/game/New shortcut.lnk/Saved/Config/Windows/Engine.ini]
[2022.04.06-12.14.55:280][  0]LogConfig: Applying CVar settings from Section [/Script/Engine.StreamingSettings] File [C:/Users/eimis/OneDrive/Desktop/college year 2/Colab/game/New shortcut.lnk/Saved/Config/Windows/Engine.ini]
[2022.04.06-12.14.55:280][  0]LogConfig: Setting CVar [[s.MinBulkDataSizeForAsyncLoading:131072]]
[2022.04.06-12.14.55:280][  0]LogConfig: Setting CVar [[s.AsyncLoadingThreadEnabled:0]]
[2022.04.06-12.14.55:280][  0]LogConfig: Setting CVar [[s.EventDrivenLoaderEnabled:1]]
[2022.04.06-12.14.55:280][  0]LogConfig: Setting CVar [[s.WarnIfTimeLimitExceeded:0]]
[2022.04.06-12.14.55:280][  0]LogConfig: Setting CVar [[s.TimeLimitExceededMultiplier:1.5]]
[2022.04.06-12.14.55:280][  0]LogConfig: Setting CVar [[s.TimeLimitExceededMinTime:0.005]]
[2022.04.06-12.14.55:280][  0]LogConfig: Setting CVar [[s.UseBackgroundLevelStreaming:1]]
[2022.04.06-12.14.55:280][  0]LogConfig: Setting CVar [[s.PriorityAsyncLoadingExtraTime:15.0]]
[2022.04.06-12.14.55:280][  0]LogConfig: Setting CVar [[s.LevelStreamingActorsUpdateTimeLimit:5.0]]
[2022.04.06-12.14.55:280][  0]LogConfig: Setting CVar [[s.PriorityLevelStreamingActorsUpdateExtraTime:5.0]]
[2022.04.06-12.14.55:280][  0]LogConfig: Setting CVar [[s.LevelStreamingComponentsRegistrationGranularity:10]]
[2022.04.06-12.14.55:280][  0]LogConfig: Setting CVar [[s.UnregisterComponentsTimeLimit:1.0]]
[2022.04.06-12.14.55:280][  0]LogConfig: Setting CVar [[s.LevelStreamingComponentsUnregistrationGranularity:5]]
[2022.04.06-12.14.55:280][  0]LogConfig: Setting CVar [[s.FlushStreamingOnExit:1]]
[2022.04.06-12.14.55:280][  0]LogConfig: Applying CVar settings from Section [/Script/Engine.GarbageCollectionSettings] File [C:/Users/eimis/OneDrive/Desktop/college year 2/Colab/game/New shortcut.lnk/Saved/Config/Windows/Engine.ini]
[2022.04.06-12.14.55:280][  0]LogConfig: Setting CVar [[gc.MaxObjectsNotConsideredByGC:1]]
[2022.04.06-12.14.55:280][  0]LogConfig: Setting CVar [[gc.SizeOfPermanentObjectPool:0]]
[2022.04.06-12.14.55:280][  0]LogConfig: Setting CVar [[gc.FlushStreamingOnGC:0]]
[2022.04.06-12.14.55:280][  0]LogConfig: Setting CVar [[gc.NumRetriesBeforeForcingGC:10]]
[2022.04.06-12.14.55:280][  0]LogConfig: Setting CVar [[gc.AllowParallelGC:1]]
[2022.04.06-12.14.55:280][  0]LogConfig: Setting CVar [[gc.TimeBetweenPurgingPendingKillObjects:61.1]]
[2022.04.06-12.14.55:280][  0]LogConfig: Setting CVar [[gc.MaxObjectsInEditor:25165824]]
[2022.04.06-12.14.55:280][  0]LogConfig: Setting CVar [[gc.IncrementalBeginDestroyEnabled:1]]
[2022.04.06-12.14.55:280][  0]LogConfig: Setting CVar [[gc.CreateGCClusters:1]]
[2022.04.06-12.14.55:280][  0]LogConfig: Setting CVar [[gc.MinGCClusterSize:5]]
[2022.04.06-12.14.55:280][  0]LogConfig: Setting CVar [[gc.ActorClusteringEnabled:0]]
[2022.04.06-12.14.55:280][  0]LogConfig: Setting CVar [[gc.BlueprintClusteringEnabled:0]]
[2022.04.06-12.14.55:280][  0]LogConfig: Setting CVar [[gc.UseDisregardForGCOnDedicatedServers:0]]
[2022.04.06-12.14.55:280][  0]LogConfig: Setting CVar [[gc.MultithreadedDestructionEnabled:1]]
[2022.04.06-12.14.55:280][  0]LogConfig: Applying CVar settings from Section [/Script/Engine.NetworkSettings] File [C:/Users/eimis/OneDrive/Desktop/college year 2/Colab/game/New shortcut.lnk/Saved/Config/Windows/Engine.ini]
[2022.04.06-12.14.55:280][  0]LogConfig: Applying CVar settings from Section [/Script/UnrealEd.CookerSettings] File [C:/Users/eimis/OneDrive/Desktop/college year 2/Colab/game/New shortcut.lnk/Saved/Config/Windows/Engine.ini]
[2022.04.06-12.14.55:284][  0]LogConfig: Applying CVar settings from Section [ViewDistanceQuality@3] File [C:/Users/eimis/OneDrive/Desktop/college year 2/Colab/game/New shortcut.lnk/Saved/Config/Windows/Scalability.ini]
[2022.04.06-12.14.55:284][  0]LogConfig: Setting CVar [[r.SkeletalMeshLODBias:0]]
[2022.04.06-12.14.55:284][  0]LogConfig: Setting CVar [[r.ViewDistanceScale:1.0]]
[2022.04.06-12.14.55:284][  0]LogConfig: Applying CVar settings from Section [AntiAliasingQuality@3] File [C:/Users/eimis/OneDrive/Desktop/college year 2/Colab/game/New shortcut.lnk/Saved/Config/Windows/Scalability.ini]
[2022.04.06-12.14.55:284][  0]LogConfig: Setting CVar [[r.PostProcessAAQuality:4]]
[2022.04.06-12.14.55:284][  0]LogConfig: Applying CVar settings from Section [ShadowQuality@3] File [C:/Users/eimis/OneDrive/Desktop/college year 2/Colab/game/New shortcut.lnk/Saved/Config/Windows/Scalability.ini]
[2022.04.06-12.14.55:284][  0]LogConfig: Setting CVar [[r.LightFunctionQuality:1]]
[2022.04.06-12.14.55:284][  0]LogConfig: Setting CVar [[r.ShadowQuality:5]]
[2022.04.06-12.14.55:284][  0]LogConfig: Setting CVar [[r.Shadow.CSM.MaxCascades:10]]
[2022.04.06-12.14.55:284][  0]LogConfig: Setting CVar [[r.Shadow.MaxResolution:2048]]
[2022.04.06-12.14.55:284][  0]LogConfig: Setting CVar [[r.Shadow.MaxCSMResolution:2048]]
[2022.04.06-12.14.55:284][  0]LogConfig: Setting CVar [[r.Shadow.RadiusThreshold:0.01]]
[2022.04.06-12.14.55:284][  0]LogConfig: Setting CVar [[r.Shadow.DistanceScale:1.0]]
[2022.04.06-12.14.55:284][  0]LogConfig: Setting CVar [[r.Shadow.CSM.TransitionScale:1.0]]
[2022.04.06-12.14.55:284][  0]LogConfig: Setting CVar [[r.Shadow.PreShadowResolutionFactor:1.0]]
[2022.04.06-12.14.55:284][  0]LogConfig: Setting CVar [[r.DistanceFieldShadowing:1]]
[2022.04.06-12.14.55:284][  0]LogConfig: Setting CVar [[r.DistanceFieldAO:1]]
[2022.04.06-12.14.55:284][  0]LogConfig: Setting CVar [[r.AOQuality:2]]
[2022.04.06-12.14.55:284][  0]LogConfig: Setting CVar [[r.VolumetricFog:1]]
[2022.04.06-12.14.55:284][  0]LogConfig: Setting CVar [[r.VolumetricFog.GridPixelSize:8]]
[2022.04.06-12.14.55:285][  0]LogConfig: Setting CVar [[r.VolumetricFog.GridSizeZ:128]]
[2022.04.06-12.14.55:285][  0]LogConfig: Setting CVar [[r.VolumetricFog.HistoryMissSupersampleCount:4]]
[2022.04.06-12.14.55:285][  0]LogConfig: Setting CVar [[r.LightMaxDrawDistanceScale:1]]
[2022.04.06-12.14.55:285][  0]LogConfig: Setting CVar [[r.CapsuleShadows:1]]
[2022.04.06-12.14.55:285][  0]LogConfig: Applying CVar settings from Section [PostProcessQuality@3] File [C:/Users/eimis/OneDrive/Desktop/college year 2/Colab/game/New shortcut.lnk/Saved/Config/Windows/Scalability.ini]
[2022.04.06-12.14.55:285][  0]LogConfig: Setting CVar [[r.MotionBlurQuality:4]]
[2022.04.06-12.14.55:285][  0]LogConfig: Setting CVar [[r.AmbientOcclusionMipLevelFactor:0.4]]
[2022.04.06-12.14.55:285][  0]LogConfig: Setting CVar [[r.AmbientOcclusionMaxQuality:100]]
[2022.04.06-12.14.55:285][  0]LogConfig: Setting CVar [[r.AmbientOcclusionLevels:-1]]
[2022.04.06-12.14.55:285][  0]LogConfig: Setting CVar [[r.AmbientOcclusionRadiusScale:1.0]]
[2022.04.06-12.14.55:285][  0]LogConfig: Setting CVar [[r.DepthOfFieldQuality:2]]
[2022.04.06-12.14.55:285][  0]LogConfig: Setting CVar [[r.RenderTargetPoolMin:400]]
[2022.04.06-12.14.55:285][  0]LogConfig: Setting CVar [[r.LensFlareQuality:2]]
[2022.04.06-12.14.55:285][  0]LogConfig: Setting CVar [[r.SceneColorFringeQuality:1]]
[2022.04.06-12.14.55:285][  0]LogConfig: Setting CVar [[r.EyeAdaptationQuality:2]]
[2022.04.06-12.14.55:285][  0]LogConfig: Setting CVar [[r.BloomQuality:5]]
[2022.04.06-12.14.55:285][  0]LogConfig: Setting CVar [[r.FastBlurThreshold:100]]
[2022.04.06-12.14.55:285][  0]LogConfig: Setting CVar [[r.Upscale.Quality:3]]
[2022.04.06-12.14.55:285][  0]LogConfig: Setting CVar [[r.Tonemapper.GrainQuantization:1]]
[2022.04.06-12.14.55:285][  0]LogConfig: Setting CVar [[r.LightShaftQuality:1]]
[2022.04.06-12.14.55:285][  0]LogConfig: Setting CVar [[r.Filter.SizeScale:1]]
[2022.04.06-12.14.55:285][  0]LogConfig: Setting CVar [[r.Tonemapper.Quality:5]]
[2022.04.06-12.14.55:285][  0]LogConfig: Setting CVar [[r.DOF.Gather.AccumulatorQuality:1        ; higher gathering accumulator quality]]
[2022.04.06-12.14.55:285][  0]LogConfig: Setting CVar [[r.DOF.Gather.PostfilterMethod:1          ; Median3x3 postfilering method]]
[2022.04.06-12.14.55:285][  0]LogConfig: Setting CVar [[r.DOF.Gather.EnableBokehSettings:0       ; no bokeh simulation when gathering]]
[2022.04.06-12.14.55:285][  0]LogConfig: Setting CVar [[r.DOF.Gather.RingCount:4                 ; medium number of samples when gathering]]
[2022.04.06-12.14.55:285][  0]LogConfig: Setting CVar [[r.DOF.Scatter.ForegroundCompositing:1    ; additive foreground scattering]]
[2022.04.06-12.14.55:285][  0]LogConfig: Setting CVar [[r.DOF.Scatter.BackgroundCompositing:2    ; additive background scattering]]
[2022.04.06-12.14.55:285][  0]LogConfig: Setting CVar [[r.DOF.Scatter.EnableBokehSettings:1      ; bokeh simulation when scattering]]
[2022.04.06-12.14.55:285][  0]LogConfig: Setting CVar [[r.DOF.Scatter.MaxSpriteRatio:0.1         ; only a maximum of 10% of scattered bokeh]]
[2022.04.06-12.14.55:285][  0]LogConfig: Setting CVar [[r.DOF.Recombine.Quality:1                ; cheap slight out of focus]]
[2022.04.06-12.14.55:285][  0]LogConfig: Setting CVar [[r.DOF.Recombine.EnableBokehSettings:0    ; no bokeh simulation on slight out of focus]]
[2022.04.06-12.14.55:285][  0]LogConfig: Setting CVar [[r.DOF.TemporalAAQuality:1                ; more stable temporal accumulation]]
[2022.04.06-12.14.55:285][  0]LogConfig: Setting CVar [[r.DOF.Kernel.MaxForegroundRadius:0.025]]
[2022.04.06-12.14.55:285][  0]LogConfig: Setting CVar [[r.DOF.Kernel.MaxBackgroundRadius:0.025]]
[2022.04.06-12.14.55:285][  0]LogConfig: Applying CVar settings from Section [TextureQuality@3] File [C:/Users/eimis/OneDrive/Desktop/college year 2/Colab/game/New shortcut.lnk/Saved/Config/Windows/Scalability.ini]
[2022.04.06-12.14.55:285][  0]LogConfig: Setting CVar [[r.Streaming.MipBias:0]]
[2022.04.06-12.14.55:285][  0]LogConfig: Setting CVar [[r.Streaming.AmortizeCPUToGPUCopy:0]]
[2022.04.06-12.14.55:285][  0]LogConfig: Setting CVar [[r.Streaming.MaxNumTexturesToStreamPerFrame:0]]
[2022.04.06-12.14.55:285][  0]LogConfig: Setting CVar [[r.Streaming.Boost:1]]
[2022.04.06-12.14.55:285][  0]LogConfig: Setting CVar [[r.MaxAnisotropy:8]]
[2022.04.06-12.14.55:285][  0]LogConfig: Setting CVar [[r.VT.MaxAnisotropy:8]]
[2022.04.06-12.14.55:285][  0]LogConfig: Setting CVar [[r.Streaming.LimitPoolSizeToVRAM:0]]
[2022.04.06-12.14.55:285][  0]LogConfig: Setting CVar [[r.Streaming.PoolSize:1000]]
[2022.04.06-12.14.55:285][  0]LogConfig: Setting CVar [[r.Streaming.MaxEffectiveScreenSize:0]]
[2022.04.06-12.14.55:285][  0]LogConfig: Applying CVar settings from Section [EffectsQuality@3] File [C:/Users/eimis/OneDrive/Desktop/college year 2/Colab/game/New shortcut.lnk/Saved/Config/Windows/Scalability.ini]
[2022.04.06-12.14.55:285][  0]LogConfig: Setting CVar [[r.TranslucencyLightingVolumeDim:64]]
[2022.04.06-12.14.55:285][  0]LogConfig: Setting CVar [[r.RefractionQuality:2]]
[2022.04.06-12.14.55:285][  0]LogConfig: Setting CVar [[r.SSR.Quality:3]]
[2022.04.06-12.14.55:285][  0]LogConfig: Setting CVar [[r.SSR.HalfResSceneColor:0]]
[2022.04.06-12.14.55:285][  0]LogConfig: Setting CVar [[r.SceneColorFormat:4]]
[2022.04.06-12.14.55:285][  0]LogConfig: Setting CVar [[r.DetailMode:2]]
[2022.04.06-12.14.55:285][  0]LogConfig: Setting CVar [[r.TranslucencyVolumeBlur:1]]
[2022.04.06-12.14.55:285][  0]LogConfig: Setting CVar [[r.MaterialQualityLevel:1 ; High quality]]
[2022.04.06-12.14.55:285][  0]LogConfig: Setting CVar [[r.AnisotropicMaterials:1]]
[2022.04.06-12.14.55:285][  0]LogConfig: Setting CVar [[r.SSS.Scale:1]]
[2022.04.06-12.14.55:285][  0]LogConfig: Setting CVar [[r.SSS.SampleSet:2]]
[2022.04.06-12.14.55:285][  0]LogConfig: Setting CVar [[r.SSS.Quality:1]]
[2022.04.06-12.14.55:285][  0]LogConfig: Setting CVar [[r.SSS.HalfRes:0]]
[2022.04.06-12.14.55:285][  0]LogConfig: Setting CVar [[r.SSGI.Quality:3]]
[2022.04.06-12.14.55:285][  0]LogConfig: Setting CVar [[r.EmitterSpawnRateScale:1.0]]
[2022.04.06-12.14.55:285][  0]LogConfig: Setting CVar [[r.ParticleLightQuality:2]]
[2022.04.06-12.14.55:285][  0]LogConfig: Setting CVar [[r.SkyAtmosphere.AerialPerspectiveLUT.FastApplyOnOpaque:1 ; Always have FastSkyLUT 1 in this case to avoid wrong sky]]
[2022.04.06-12.14.55:285][  0]LogConfig: Setting CVar [[r.SkyAtmosphere.AerialPerspectiveLUT.SampleCountMaxPerSlice:4]]
[2022.04.06-12.14.55:285][  0]LogConfig: Setting CVar [[r.SkyAtmosphere.AerialPerspectiveLUT.DepthResolution:16.0]]
[2022.04.06-12.14.55:285][  0]LogConfig: Setting CVar [[r.SkyAtmosphere.FastSkyLUT:1]]
[2022.04.06-12.14.55:285][  0]LogConfig: Setting CVar [[r.SkyAtmosphere.FastSkyLUT.SampleCountMin:4.0]]
[2022.04.06-12.14.55:285][  0]LogConfig: Setting CVar [[r.SkyAtmosphere.FastSkyLUT.SampleCountMax:128.0]]
[2022.04.06-12.14.55:285][  0]LogConfig: Setting CVar [[r.SkyAtmosphere.SampleCountMin:4.0]]
[2022.04.06-12.14.55:285][  0]LogConfig: Setting CVar [[r.SkyAtmosphere.SampleCountMax:128.0]]
[2022.04.06-12.14.55:285][  0]LogConfig: Setting CVar [[r.SkyAtmosphere.TransmittanceLUT.UseSmallFormat:0]]
[2022.04.06-12.14.55:285][  0]LogConfig: Setting CVar [[r.SkyAtmosphere.TransmittanceLUT.SampleCount:10.0]]
[2022.04.06-12.14.55:285][  0]LogConfig: Setting CVar [[r.SkyAtmosphere.MultiScatteringLUT.SampleCount:15.0]]
[2022.04.06-12.14.55:285][  0]LogConfig: Setting CVar [[r.SkyLight.RealTimeReflectionCapture:1]]
[2022.04.06-12.14.55:285][  0]LogConfig: Applying CVar settings from Section [FoliageQuality@3] File [C:/Users/eimis/OneDrive/Desktop/college year 2/Colab/game/New shortcut.lnk/Saved/Config/Windows/Scalability.ini]
[2022.04.06-12.14.55:285][  0]LogConfig: Setting CVar [[foliage.DensityScale:1.0]]
[2022.04.06-12.14.55:285][  0]LogConfig: Setting CVar [[grass.DensityScale:1.0]]
[2022.04.06-12.14.55:285][  0]LogConfig: Applying CVar settings from Section [ShadingQuality@3] File [C:/Users/eimis/OneDrive/Desktop/college year 2/Colab/game/New shortcut.lnk/Saved/Config/Windows/Scalability.ini]
[2022.04.06-12.14.55:285][  0]LogConfig: Setting CVar [[r.HairStrands.SkyLighting.IntegrationType:2]]
[2022.04.06-12.14.55:285][  0]LogConfig: Setting CVar [[r.HairStrands.SkyAO.SampleCount:4]]
[2022.04.06-12.14.55:285][  0]LogConfig: Setting CVar [[r.HairStrands.Visibility.MSAA.SamplePerPixel:4]]
[2022.04.06-12.14.55:285][  0]LogInit: Selected Device Profile: [Windows]
[2022.04.06-12.14.55:285][  0]LogInit: Applying CVar settings loaded from the selected device profile: [Windows]
[2022.04.06-12.14.55:285][  0]LogHAL: Display: Platform has ~ 32 GB [33720123392 / 34359738368 / 32], which maps to Largest [LargestMinGB=32, LargerMinGB=12, DefaultMinGB=8, SmallerMinGB=6, SmallestMinGB=0)
[2022.04.06-12.14.55:285][  0]LogInit: Going up to parent DeviceProfile []
[2022.04.06-12.14.55:285][  0]LogConfig: Applying CVar settings from Section [ViewDistanceQuality@3] File [C:/Users/eimis/OneDrive/Desktop/college year 2/Colab/game/New shortcut.lnk/Saved/Config/Windows/Scalability.ini]
[2022.04.06-12.14.55:285][  0]LogConfig: Setting CVar [[r.SkeletalMeshLODBias:0]]
[2022.04.06-12.14.55:285][  0]LogConfig: Setting CVar [[r.ViewDistanceScale:1.0]]
[2022.04.06-12.14.55:285][  0]LogConfig: Applying CVar settings from Section [AntiAliasingQuality@3] File [C:/Users/eimis/OneDrive/Desktop/college year 2/Colab/game/New shortcut.lnk/Saved/Config/Windows/Scalability.ini]
[2022.04.06-12.14.55:285][  0]LogConfig: Setting CVar [[r.PostProcessAAQuality:4]]
[2022.04.06-12.14.55:286][  0]LogConfig: Applying CVar settings from Section [ShadowQuality@3] File [C:/Users/eimis/OneDrive/Desktop/college year 2/Colab/game/New shortcut.lnk/Saved/Config/Windows/Scalability.ini]
[2022.04.06-12.14.55:286][  0]LogConfig: Setting CVar [[r.LightFunctionQuality:1]]
[2022.04.06-12.14.55:286][  0]LogConfig: Setting CVar [[r.ShadowQuality:5]]
[2022.04.06-12.14.55:286][  0]LogConfig: Setting CVar [[r.Shadow.CSM.MaxCascades:10]]
[2022.04.06-12.14.55:286][  0]LogConfig: Setting CVar [[r.Shadow.MaxResolution:2048]]
[2022.04.06-12.14.55:286][  0]LogConfig: Setting CVar [[r.Shadow.MaxCSMResolution:2048]]
[2022.04.06-12.14.55:286][  0]LogConfig: Setting CVar [[r.Shadow.RadiusThreshold:0.01]]
[2022.04.06-12.14.55:286][  0]LogConfig: Setting CVar [[r.Shadow.DistanceScale:1.0]]
[2022.04.06-12.14.55:286][  0]LogConfig: Setting CVar [[r.Shadow.CSM.TransitionScale:1.0]]
[2022.04.06-12.14.55:286][  0]LogConfig: Setting CVar [[r.Shadow.PreShadowResolutionFactor:1.0]]
[2022.04.06-12.14.55:286][  0]LogConfig: Setting CVar [[r.DistanceFieldShadowing:1]]
[2022.04.06-12.14.55:286][  0]LogConfig: Setting CVar [[r.DistanceFieldAO:1]]
[2022.04.06-12.14.55:286][  0]LogConfig: Setting CVar [[r.AOQuality:2]]
[2022.04.06-12.14.55:286][  0]LogConfig: Setting CVar [[r.VolumetricFog:1]]
[2022.04.06-12.14.55:286][  0]LogConfig: Setting CVar [[r.VolumetricFog.GridPixelSize:8]]
[2022.04.06-12.14.55:286][  0]LogConfig: Setting CVar [[r.VolumetricFog.GridSizeZ:128]]
[2022.04.06-12.14.55:286][  0]LogConfig: Setting CVar [[r.VolumetricFog.HistoryMissSupersampleCount:4]]
[2022.04.06-12.14.55:286][  0]LogConfig: Setting CVar [[r.LightMaxDrawDistanceScale:1]]
[2022.04.06-12.14.55:286][  0]LogConfig: Setting CVar [[r.CapsuleShadows:1]]
[2022.04.06-12.14.55:286][  0]LogConfig: Applying CVar settings from Section [PostProcessQuality@3] File [C:/Users/eimis/OneDrive/Desktop/college year 2/Colab/game/New shortcut.lnk/Saved/Config/Windows/Scalability.ini]
[2022.04.06-12.14.55:286][  0]LogConfig: Setting CVar [[r.MotionBlurQuality:4]]
[2022.04.06-12.14.55:286][  0]LogConfig: Setting CVar [[r.AmbientOcclusionMipLevelFactor:0.4]]
[2022.04.06-12.14.55:286][  0]LogConfig: Setting CVar [[r.AmbientOcclusionMaxQuality:100]]
[2022.04.06-12.14.55:286][  0]LogConfig: Setting CVar [[r.AmbientOcclusionLevels:-1]]
[2022.04.06-12.14.55:286][  0]LogConfig: Setting CVar [[r.AmbientOcclusionRadiusScale:1.0]]
[2022.04.06-12.14.55:286][  0]LogConfig: Setting CVar [[r.DepthOfFieldQuality:2]]
[2022.04.06-12.14.55:286][  0]LogConfig: Setting CVar [[r.RenderTargetPoolMin:400]]
[2022.04.06-12.14.55:286][  0]LogConfig: Setting CVar [[r.LensFlareQuality:2]]
[2022.04.06-12.14.55:286][  0]LogConfig: Setting CVar [[r.SceneColorFringeQuality:1]]
[2022.04.06-12.14.55:286][  0]LogConfig: Setting CVar [[r.EyeAdaptationQuality:2]]
[2022.04.06-12.14.55:286][  0]LogConfig: Setting CVar [[r.BloomQuality:5]]
[2022.04.06-12.14.55:286][  0]LogConfig: Setting CVar [[r.FastBlurThreshold:100]]
[2022.04.06-12.14.55:286][  0]LogConfig: Setting CVar [[r.Upscale.Quality:3]]
[2022.04.06-12.14.55:286][  0]LogConfig: Setting CVar [[r.Tonemapper.GrainQuantization:1]]
[2022.04.06-12.14.55:286][  0]LogConfig: Setting CVar [[r.LightShaftQuality:1]]
[2022.04.06-12.14.55:286][  0]LogConfig: Setting CVar [[r.Filter.SizeScale:1]]
[2022.04.06-12.14.55:286][  0]LogConfig: Setting CVar [[r.Tonemapper.Quality:5]]
[2022.04.06-12.14.55:286][  0]LogConfig: Setting CVar [[r.DOF.Gather.AccumulatorQuality:1        ; higher gathering accumulator quality]]
[2022.04.06-12.14.55:286][  0]LogConfig: Setting CVar [[r.DOF.Gather.PostfilterMethod:1          ; Median3x3 postfilering method]]
[2022.04.06-12.14.55:286][  0]LogConfig: Setting CVar [[r.DOF.Gather.EnableBokehSettings:0       ; no bokeh simulation when gathering]]
[2022.04.06-12.14.55:286][  0]LogConfig: Setting CVar [[r.DOF.Gather.RingCount:4                 ; medium number of samples when gathering]]
[2022.04.06-12.14.55:286][  0]LogConfig: Setting CVar [[r.DOF.Scatter.ForegroundCompositing:1    ; additive foreground scattering]]
[2022.04.06-12.14.55:286][  0]LogConfig: Setting CVar [[r.DOF.Scatter.BackgroundCompositing:2    ; additive background scattering]]
[2022.04.06-12.14.55:286][  0]LogConfig: Setting CVar [[r.DOF.Scatter.EnableBokehSettings:1      ; bokeh simulation when scattering]]
[2022.04.06-12.14.55:286][  0]LogConfig: Setting CVar [[r.DOF.Scatter.MaxSpriteRatio:0.1         ; only a maximum of 10% of scattered bokeh]]
[2022.04.06-12.14.55:286][  0]LogConfig: Setting CVar [[r.DOF.Recombine.Quality:1                ; cheap slight out of focus]]
[2022.04.06-12.14.55:286][  0]LogConfig: Setting CVar [[r.DOF.Recombine.EnableBokehSettings:0    ; no bokeh simulation on slight out of focus]]
[2022.04.06-12.14.55:286][  0]LogConfig: Setting CVar [[r.DOF.TemporalAAQuality:1                ; more stable temporal accumulation]]
[2022.04.06-12.14.55:286][  0]LogConfig: Setting CVar [[r.DOF.Kernel.MaxForegroundRadius:0.025]]
[2022.04.06-12.14.55:286][  0]LogConfig: Setting CVar [[r.DOF.Kernel.MaxBackgroundRadius:0.025]]
[2022.04.06-12.14.55:286][  0]LogConfig: Applying CVar settings from Section [TextureQuality@3] File [C:/Users/eimis/OneDrive/Desktop/college year 2/Colab/game/New shortcut.lnk/Saved/Config/Windows/Scalability.ini]
[2022.04.06-12.14.55:286][  0]LogConfig: Setting CVar [[r.Streaming.MipBias:0]]
[2022.04.06-12.14.55:286][  0]LogConfig: Setting CVar [[r.Streaming.AmortizeCPUToGPUCopy:0]]
[2022.04.06-12.14.55:286][  0]LogConfig: Setting CVar [[r.Streaming.MaxNumTexturesToStreamPerFrame:0]]
[2022.04.06-12.14.55:286][  0]LogConfig: Setting CVar [[r.Streaming.Boost:1]]
[2022.04.06-12.14.55:286][  0]LogConfig: Setting CVar [[r.MaxAnisotropy:8]]
[2022.04.06-12.14.55:286][  0]LogConfig: Setting CVar [[r.VT.MaxAnisotropy:8]]
[2022.04.06-12.14.55:286][  0]LogConfig: Setting CVar [[r.Streaming.LimitPoolSizeToVRAM:0]]
[2022.04.06-12.14.55:286][  0]LogConfig: Setting CVar [[r.Streaming.PoolSize:1000]]
[2022.04.06-12.14.55:286][  0]LogConfig: Setting CVar [[r.Streaming.MaxEffectiveScreenSize:0]]
[2022.04.06-12.14.55:286][  0]LogConfig: Applying CVar settings from Section [EffectsQuality@3] File [C:/Users/eimis/OneDrive/Desktop/college year 2/Colab/game/New shortcut.lnk/Saved/Config/Windows/Scalability.ini]
[2022.04.06-12.14.55:286][  0]LogConfig: Setting CVar [[r.TranslucencyLightingVolumeDim:64]]
[2022.04.06-12.14.55:286][  0]LogConfig: Setting CVar [[r.RefractionQuality:2]]
[2022.04.06-12.14.55:286][  0]LogConfig: Setting CVar [[r.SSR.Quality:3]]
[2022.04.06-12.14.55:286][  0]LogConfig: Setting CVar [[r.SSR.HalfResSceneColor:0]]
[2022.04.06-12.14.55:286][  0]LogConfig: Setting CVar [[r.SceneColorFormat:4]]
[2022.04.06-12.14.55:286][  0]LogConfig: Setting CVar [[r.DetailMode:2]]
[2022.04.06-12.14.55:286][  0]LogConfig: Setting CVar [[r.TranslucencyVolumeBlur:1]]
[2022.04.06-12.14.55:286][  0]LogConfig: Setting CVar [[r.MaterialQualityLevel:1 ; High quality]]
[2022.04.06-12.14.55:286][  0]LogConfig: Setting CVar [[r.AnisotropicMaterials:1]]
[2022.04.06-12.14.55:286][  0]LogConfig: Setting CVar [[r.SSS.Scale:1]]
[2022.04.06-12.14.55:286][  0]LogConfig: Setting CVar [[r.SSS.SampleSet:2]]
[2022.04.06-12.14.55:286][  0]LogConfig: Setting CVar [[r.SSS.Quality:1]]
[2022.04.06-12.14.55:286][  0]LogConfig: Setting CVar [[r.SSS.HalfRes:0]]
[2022.04.06-12.14.55:286][  0]LogConfig: Setting CVar [[r.SSGI.Quality:3]]
[2022.04.06-12.14.55:286][  0]LogConfig: Setting CVar [[r.EmitterSpawnRateScale:1.0]]
[2022.04.06-12.14.55:286][  0]LogConfig: Setting CVar [[r.ParticleLightQuality:2]]
[2022.04.06-12.14.55:286][  0]LogConfig: Setting CVar [[r.SkyAtmosphere.AerialPerspectiveLUT.FastApplyOnOpaque:1 ; Always have FastSkyLUT 1 in this case to avoid wrong sky]]
[2022.04.06-12.14.55:286][  0]LogConfig: Setting CVar [[r.SkyAtmosphere.AerialPerspectiveLUT.SampleCountMaxPerSlice:4]]
[2022.04.06-12.14.55:286][  0]LogConfig: Setting CVar [[r.SkyAtmosphere.AerialPerspectiveLUT.DepthResolution:16.0]]
[2022.04.06-12.14.55:286][  0]LogConfig: Setting CVar [[r.SkyAtmosphere.FastSkyLUT:1]]
[2022.04.06-12.14.55:286][  0]LogConfig: Setting CVar [[r.SkyAtmosphere.FastSkyLUT.SampleCountMin:4.0]]
[2022.04.06-12.14.55:286][  0]LogConfig: Setting CVar [[r.SkyAtmosphere.FastSkyLUT.SampleCountMax:128.0]]
[2022.04.06-12.14.55:286][  0]LogConfig: Setting CVar [[r.SkyAtmosphere.SampleCountMin:4.0]]
[2022.04.06-12.14.55:286][  0]LogConfig: Setting CVar [[r.SkyAtmosphere.SampleCountMax:128.0]]
[2022.04.06-12.14.55:286][  0]LogConfig: Setting CVar [[r.SkyAtmosphere.TransmittanceLUT.UseSmallFormat:0]]
[2022.04.06-12.14.55:286][  0]LogConfig: Setting CVar [[r.SkyAtmosphere.TransmittanceLUT.SampleCount:10.0]]
[2022.04.06-12.14.55:286][  0]LogConfig: Setting CVar [[r.SkyAtmosphere.MultiScatteringLUT.SampleCount:15.0]]
[2022.04.06-12.14.55:286][  0]LogConfig: Setting CVar [[r.SkyLight.RealTimeReflectionCapture:1]]
[2022.04.06-12.14.55:286][  0]LogConfig: Applying CVar settings from Section [FoliageQuality@3] File [C:/Users/eimis/OneDrive/Desktop/college year 2/Colab/game/New shortcut.lnk/Saved/Config/Windows/Scalability.ini]
[2022.04.06-12.14.55:286][  0]LogConfig: Setting CVar [[foliage.DensityScale:1.0]]
[2022.04.06-12.14.55:286][  0]LogConfig: Setting CVar [[grass.DensityScale:1.0]]
[2022.04.06-12.14.55:286][  0]LogConfig: Applying CVar settings from Section [ShadingQuality@3] File [C:/Users/eimis/OneDrive/Desktop/college year 2/Colab/game/New shortcut.lnk/Saved/Config/Windows/Scalability.ini]
[2022.04.06-12.14.55:286][  0]LogConfig: Setting CVar [[r.HairStrands.SkyLighting.IntegrationType:2]]
[2022.04.06-12.14.55:286][  0]LogConfig: Setting CVar [[r.HairStrands.SkyAO.SampleCount:4]]
[2022.04.06-12.14.55:286][  0]LogConfig: Setting CVar [[r.HairStrands.Visibility.MSAA.SamplePerPixel:4]]
[2022.04.06-12.14.55:286][  0]LogConfig: Applying CVar settings from Section [Startup] File [../../../Engine/Config/ConsoleVariables.ini]
[2022.04.06-12.14.55:286][  0]LogConfig: Setting CVar [[net.UseAdaptiveNetUpdateFrequency:0]]
[2022.04.06-12.14.55:286][  0]LogConfig: Setting CVar [[p.chaos.AllowCreatePhysxBodies:1]]
[2022.04.06-12.14.55:286][  0]LogConfig: Setting CVar [[fx.SkipVectorVMBackendOptimizations:1]]
[2022.04.06-12.14.55:286][  0]LogConfig: Applying CVar settings from Section [ConsoleVariables] File [C:/Users/eimis/OneDrive/Desktop/college year 2/Colab/game/New shortcut.lnk/Saved/Config/Windows/Engine.ini]
[2022.04.06-12.14.55:286][  0]LogConfig: Applying CVar settings from Section [ConsoleVariables] File [C:/Users/eimis/OneDrive/Desktop/college year 2/Colab/game/New shortcut.lnk/Saved/Config/Windows/Editor.ini]
[2022.04.06-12.14.55:287][  0]LogInit: Computer: EIMISPC
[2022.04.06-12.14.55:287][  0]LogInit: User: eimis
[2022.04.06-12.14.55:287][  0]LogInit: CPU Page size=4096, Cores=8
[2022.04.06-12.14.55:287][  0]LogInit: High frequency timer resolution =10.000000 MHz
[2022.04.06-12.14.55:287][  0]LogMemory: Memory total: Physical=31.4GB (32GB approx)
[2022.04.06-12.14.55:287][  0]LogMemory: Platform Memory Stats for Windows
[2022.04.06-12.14.55:287][  0]LogMemory: Process Physical Memory: 150.59 MB used, 150.59 MB peak
[2022.04.06-12.14.55:287][  0]LogMemory: Process Virtual Memory: 133.40 MB used, 133.40 MB peak
[2022.04.06-12.14.55:287][  0]LogMemory: Physical Memory: 7958.71 MB used,  24199.31 MB free, 32158.02 MB total
[2022.04.06-12.14.55:287][  0]LogMemory: Virtual Memory: 134191680.00 MB used,  26047.96 MB free, 134217728.00 MB total
[2022.04.06-12.14.55:291][  0]LogWindows: WindowsPlatformFeatures enabled
[2022.04.06-12.14.55:325][  0]LogInit: Physics initialised using underlying interface: PhysX
[2022.04.06-12.14.55:326][  0]LogInit: Using OS detected language (en-GB).
[2022.04.06-12.14.55:326][  0]LogInit: Using OS detected locale (en-GB).
[2022.04.06-12.14.55:328][  0]LogTextLocalizationManager: No specific localization for 'en-GB' exists, so the 'en' localization will be used.
[2022.04.06-12.14.55:514][  0]LogWindowsTextInputMethodSystem: Display: IME system deactivated.
[2022.04.06-12.14.55:525][  0]LogSlate: New Slate User Created.  User Index 0, Is Virtual User: 0
[2022.04.06-12.14.55:525][  0]LogSlate: Slate User Registered.  User Index 0, Is Virtual User: 0
[2022.04.06-12.14.55:535][  0]LogD3D11RHI: Loaded GFSDK_Aftermath_Lib.x64.dll
[2022.04.06-12.14.55:587][  0]LogHMD: Failed to initialize OpenVR with code 126
[2022.04.06-12.14.55:587][  0]LogD3D11RHI: D3D11 min allowed feature level: 11_0
[2022.04.06-12.14.55:587][  0]LogD3D11RHI: D3D11 max allowed feature level: 11_0
[2022.04.06-12.14.55:587][  0]LogD3D11RHI: D3D11 adapters:
[2022.04.06-12.14.55:657][  0]LogD3D11RHI:    0. 'NVIDIA GeForce RTX 3070 Laptop GPU' (Feature Level 11_0)
[2022.04.06-12.14.55:657][  0]LogD3D11RHI:       8044/0/16079 MB DedicatedVideo/DedicatedSystem/SharedSystem, Outputs:1, VendorId:0x10de
[2022.04.06-12.14.55:693][  0]LogD3D11RHI:    1. 'AMD Radeon(TM) Graphics' (Feature Level 11_0)
[2022.04.06-12.14.55:693][  0]LogD3D11RHI:       496/0/16079 MB DedicatedVideo/DedicatedSystem/SharedSystem, Outputs:0, VendorId:0x1002
[2022.04.06-12.14.55:695][  0]LogD3D11RHI:    2. 'Microsoft Basic Render Driver' (Feature Level 11_0)
[2022.04.06-12.14.55:695][  0]LogD3D11RHI:       0/0/16079 MB DedicatedVideo/DedicatedSystem/SharedSystem, Outputs:0, VendorId:0x1414
[2022.04.06-12.14.55:695][  0]LogD3D11RHI: Chosen D3D11 Adapter:
[2022.04.06-12.14.55:695][  0]LogD3D11RHI:     Description : NVIDIA GeForce RTX 3070 Laptop GPU
[2022.04.06-12.14.55:695][  0]LogD3D11RHI:     VendorId    : 10de
[2022.04.06-12.14.55:695][  0]LogD3D11RHI:     DeviceId    : 249d
[2022.04.06-12.14.55:695][  0]LogD3D11RHI:     SubSysId    : 11131d05
[2022.04.06-12.14.55:695][  0]LogD3D11RHI:     Revision    : 00a1
[2022.04.06-12.14.55:695][  0]LogD3D11RHI:     DedicatedVideoMemory : 8434745344 bytes
[2022.04.06-12.14.55:695][  0]LogD3D11RHI:     DedicatedSystemMemory : 0 bytes
[2022.04.06-12.14.55:695][  0]LogD3D11RHI:     SharedSystemMemory : 16860061696 bytes
[2022.04.06-12.14.55:695][  0]LogD3D11RHI:     AdapterLuid : 0 63529
[2022.04.06-12.14.55:700][  0]LogD3D11RHI: Creating new Direct3DDevice
[2022.04.06-12.14.55:700][  0]LogD3D11RHI:     GPU DeviceId: 0x249d (for the marketing name, search the web for "GPU Device Id")
[2022.04.06-12.14.55:700][  0]LogWindows: EnumDisplayDevices:
[2022.04.06-12.14.55:701][  0]LogWindows:    0. 'AMD Radeon(TM) Graphics' (P:1 D:1)
[2022.04.06-12.14.55:701][  0]LogWindows:    1. 'AMD Radeon(TM) Graphics' (P:0 D:0)
[2022.04.06-12.14.55:701][  0]LogWindows:    2. 'AMD Radeon(TM) Graphics' (P:0 D:0)
[2022.04.06-12.14.55:701][  0]LogWindows:    3. 'NVIDIA GeForce RTX 3070 Laptop GPU' (P:0 D:0)
[2022.04.06-12.14.55:702][  0]LogWindows:    4. 'NVIDIA GeForce RTX 3070 Laptop GPU' (P:0 D:0)
[2022.04.06-12.14.55:702][  0]LogWindows:    5. 'NVIDIA GeForce RTX 3070 Laptop GPU' (P:0 D:0)
[2022.04.06-12.14.55:702][  0]LogWindows:    6. 'NVIDIA GeForce RTX 3070 Laptop GPU' (P:0 D:0)
[2022.04.06-12.14.55:702][  0]LogWindows: DebugString: PrimaryIsNotTheChoosenAdapter PrimaryIsNotTheChoosenAdapter PrimaryIsNotTheChoosenAdapter FoundDriverCount:4 
[2022.04.06-12.14.55:702][  0]LogD3D11RHI:     Adapter Name: NVIDIA GeForce RTX 3070 Laptop GPU
[2022.04.06-12.14.55:702][  0]LogD3D11RHI:   Driver Version: 512.15 (internal:30.0.15.1215, unified:512.15)
[2022.04.06-12.14.55:702][  0]LogD3D11RHI:      Driver Date: 3-17-2022
[2022.04.06-12.14.55:702][  0]LogRHI: Texture pool is 5630 MB (70% of 8044 MB)
[2022.04.06-12.14.55:702][  0]LogD3D11RHI: Creating D3DDevice using adapter:
[2022.04.06-12.14.55:702][  0]LogD3D11RHI:     Description : NVIDIA GeForce RTX 3070 Laptop GPU
[2022.04.06-12.14.55:702][  0]LogD3D11RHI:     VendorId    : 10de
[2022.04.06-12.14.55:702][  0]LogD3D11RHI:     DeviceId    : 249d
[2022.04.06-12.14.55:702][  0]LogD3D11RHI:     SubSysId    : 11131d05
[2022.04.06-12.14.55:702][  0]LogD3D11RHI:     Revision    : 00a1
[2022.04.06-12.14.55:702][  0]LogD3D11RHI:     DedicatedVideoMemory : 8434745344 bytes
[2022.04.06-12.14.55:702][  0]LogD3D11RHI:     DedicatedSystemMemory : 0 bytes
[2022.04.06-12.14.55:702][  0]LogD3D11RHI:     SharedSystemMemory : 16860061696 bytes
[2022.04.06-12.14.55:702][  0]LogD3D11RHI:     AdapterLuid : 0 63529
[2022.04.06-12.14.55:741][  0]LogD3D11RHI: RHI has support for 64 bit atomics
[2022.04.06-12.14.55:741][  0]LogD3D11RHI: Async texture creation enabled
[2022.04.06-12.14.55:741][  0]LogD3D11RHI: Array index from any shader is supported
[2022.04.06-12.14.55:768][  0]LogD3D11RHI: GPU Timing Frequency: 1000.000000 (Debug: 2 1)
[2022.04.06-12.14.55:788][  0]LogRHI: GeForceNow SDK initialized: 1
[2022.04.06-12.14.56:053][  0]LogTargetPlatformManager: Display: Loaded TargetPlatform 'WindowsNoEditor'
[2022.04.06-12.14.56:057][  0]LogTargetPlatformManager: Display: Loaded TargetPlatform 'Windows'
[2022.04.06-12.14.56:061][  0]LogTargetPlatformManager: Display: Loaded TargetPlatform 'WindowsClient'
[2022.04.06-12.14.56:065][  0]LogTargetPlatformManager: Display: Loaded TargetPlatform 'WindowsServer'
[2022.04.06-12.14.56:065][  0]LogTargetPlatformManager: Display: Building Assets For Windows
[2022.04.06-12.14.56:071][  0]LogAudioDebug: Display: Lib vorbis DLL was dynamically loaded.
[2022.04.06-12.14.56:096][  0]LogTextureFormatOodle: Display: Oodle Texture 2.9.0 init RDO Off
[2022.04.06-12.14.56:122][  0]LogRendererCore: Ray tracing is disabled. Reason: r.RayTracing=0.
[2022.04.06-12.14.56:122][  0]LogShaderCompilers: Guid format shader working directory is -43 characters bigger than the processId version (../../../../../../Users/eimis/OneDrive/Desktop/college year 2/Colab/game/New shortcut.lnk/Intermediate/Shaders/WorkingDirectory/1432/).
[2022.04.06-12.14.56:122][  0]LogShaderCompilers: Cleaned the shader compiler working directory 'C:/Users/eimis/AppData/Local/Temp/UnrealShaderWorkingDir/DC2A171344A69B932849168207A4A471/'.
[2022.04.06-12.14.56:122][  0]LogXGEController: Cannot use XGE Controller as Incredibuild is not installed on this machine.
[2022.04.06-12.14.56:122][  0]LogShaderCompilers: Cannot use XGE Shader Compiler as Incredibuild is not installed on this machine.
[2022.04.06-12.14.56:122][  0]LogShaderCompilers: Display: Using Local Shader Compiler.
[2022.04.06-12.14.56:681][  0]LogDerivedDataCache: Display: Max Cache Size: 512 MB
[2022.04.06-12.14.56:720][  0]LogDerivedDataCache: Loaded boot cache 0.04s 94MB C:/Users/eimis/AppData/Local/UnrealEngine/4.27/DerivedDataCache/Boot.ddc.
[2022.04.06-12.14.56:720][  0]LogDerivedDataCache: Display: Loaded Boot cache: C:/Users/eimis/AppData/Local/UnrealEngine/4.27/DerivedDataCache/Boot.ddc
[2022.04.06-12.14.56:720][  0]LogDerivedDataCache: FDerivedDataBackendGraph:  Pak pak cache file ../../../../../../Users/eimis/OneDrive/Desktop/college year 2/Colab/game/New shortcut.lnk/DerivedDataCache/DDC.ddp not found, will not use a pak cache.
[2022.04.06-12.14.56:720][  0]LogDerivedDataCache: Unable to find inner node Pak for hierarchical cache Hierarchy.
[2022.04.06-12.14.56:720][  0]LogDerivedDataCache: FDerivedDataBackendGraph:  CompressedPak pak cache file ../../../../../../Users/eimis/OneDrive/Desktop/college year 2/Colab/game/New shortcut.lnk/DerivedDataCache/Compressed.ddp not found, will not use a pak cache.
[2022.04.06-12.14.56:720][  0]LogDerivedDataCache: Unable to find inner node CompressedPak for hierarchical cache Hierarchy.
[2022.04.06-12.14.56:735][  0]LogDerivedDataCache: Display: Pak cache opened for reading ../../../Engine/DerivedDataCache/Compressed.ddp.
[2022.04.06-12.14.56:735][  0]LogDerivedDataCache: FDerivedDataBackendGraph:  EnterprisePak pak cache file ../../../Enterprise/DerivedDataCache/Compressed.ddp not found, will not use a pak cache.
[2022.04.06-12.14.56:735][  0]LogDerivedDataCache: Unable to find inner node EnterprisePak for hierarchical cache Hierarchy.
[2022.04.06-12.14.56:739][  0]LogDerivedDataCache: Speed tests for C:/Users/eimis/AppData/Local/UnrealEngine/Common/DerivedDataCache took 0.00 seconds
[2022.04.06-12.14.56:739][  0]LogDerivedDataCache: Display: Performance to C:/Users/eimis/AppData/Local/UnrealEngine/Common/DerivedDataCache: Latency=0.02ms. RandomReadSpeed=1822.56MBs, RandomWriteSpeed=254.40MBs. Assigned SpeedClass 'Local'
[2022.04.06-12.14.56:740][  0]LogDerivedDataCache: Using Local data cache path C:/Users/eimis/AppData/Local/UnrealEngine/Common/DerivedDataCache: Writable
[2022.04.06-12.14.56:740][  0]LogDerivedDataCache: Shared data cache path not found in *engine.ini, will not use an Shared cache.
[2022.04.06-12.14.56:740][  0]LogDerivedDataCache: Unable to find inner node Shared for hierarchical cache Hierarchy.
[2022.04.06-12.14.56:766][  0]LogSlate: Using FreeType 2.10.0
[2022.04.06-12.14.56:767][  0]LogSlate: SlateFontServices - WITH_FREETYPE: 1, WITH_HARFBUZZ: 1
[2022.04.06-12.14.56:879][  0]LogInit: Using OS detected language (en-GB).
[2022.04.06-12.14.56:879][  0]LogInit: Using OS detected locale (en-GB).
[2022.04.06-12.14.56:880][  0]LogTextLocalizationManager: No localization for 'en-GB' exists, so 'en' will be used for the language.
[2022.04.06-12.14.56:880][  0]LogTextLocalizationManager: No localization for 'en-GB' exists, so 'en' will be used for the locale.
[2022.04.06-12.14.56:880][  0]LogSlate: FontCache flush requested. Reason: Culture for localization was changed
[2022.04.06-12.14.56:880][  0]LogSlate: FontCache flush requested. Reason: Culture for localization was changed
[2022.04.06-12.14.56:883][  0]LogAssetRegistry: FAssetRegistry took 0.0025 seconds to start up
[2022.04.06-12.14.57:031][  0]LogTextLocalizationManager: Compacting localization data took   0.01ms
[2022.04.06-12.14.57:031][  0]LogPackageLocalizationCache: Processed 27 localized package path(s) for 1 prioritized culture(s) in 0.000995 seconds
[2022.04.06-12.14.57:080][  0]LogInit: Selected Device Profile: [Windows]
[2022.04.06-12.14.57:080][  0]LogInit: Active device profile: [000001BCC8C49100][000001BCBC3E5680 49] Windows
[2022.04.06-12.14.57:080][  0]LogInit: Profiles: [000001BCC8C49100][000001BCBC3E5680 49] Windows, [000001BCC8C16B00][000001BCBC3E9900 49] WindowsNoEditor, [000001BCC8C4A200][000001BCBC3EDB80 49] WindowsServer, [000001BCC8C15D00][000001BCBC3F42C0 49] WindowsClient, [000001BCC8C49700][000001BCBC636580 49] IOS, [000001BCC8C16D00][000001BCBC63A840 49] iPadAir, [000001BCC8C4BC00][000001BCBC63EB00 49] iPadAir2, [000001BCC8BCD400][000001BCBC653040 49] IPadPro, [000001BCC8BCD500][000001BCBC643080 49] iPadAir3, [000001BCC8C17E00][000001BCBC64B340 49] iPadAir4, [000001BCC8BCE300][000001BCBC647600 49] iPadMini2, [000001BCC8C17500][000001BCBC64F8C0 49] iPadMini3, [000001BCC8BCEF00][000001BCBC3F1B40 49] iPadMini4, [000001BCC8C16100][000001BCBC656240 49] iPadMini5, [000001BCC8C11000][000001BCBC66E780 49] iPhone6, [000001BCC8C11100][000001BCBC65E7C0 49] iPodTouch6, [000001BCC8C4B900][000001BCBC676D00 49] iPhone7, [000001BCC8C4A900][000001BCBC666D40 49] iPodTouch7, [000001BCC8BCD000][000001BCBC66B000 49] iPhone5S, [000001BCC8C4AF00][000001BCBC6632C0 49] iPhone6Plus, [000001BCC8BCF600][000001BCBC673580 49] iPhone6S, [000001BCC8C48C00][000001BCBC67B840 49] iPhone6SPlus, [000001BCC8C49D00][000001BCBC67FB00 49] iPhone7Plus, [000001BCC8C10800][000001BCBC65A200 49] iPhoneSE, [000001BCC8C48400][000001BCBBAF0480 49] iPhone8, [000001BCC8C10900][000001BCBBAF8740 49] iPhone8Plus, [000001BCC8C12E00][000001BCBBAFCA00 49] iPhoneX, [000001BCC8BCDD00][000001BCBBB00CC0 49] iPhoneXS, [000001BCC8C12700][000001BCBBB04F80 49] iPhoneXSMax, [000001BCC8BCDC00][000001BCBBB09240 49] iPhoneXR, [000001BCC8C12800][000001BCBBB0D500 49] iPhone11, [000001BCC8BCCF00][000001BCBBB117C0 49] iPhone11Pro, [000001BCC8C10B00][000001BCBBB15A80 49] iPhone11ProMax, [000001BCC8BCCC00][000001BCBBB181C0 49] iPhoneSE2, [000001BCC8C10E00][000001BCBBAF4440 49] iPhone12Mini, [000001BCC8C4B800][000001BCBBB1C6C0 49] iPhone12, [000001BCC8C13100][000001BCBBB24980 49] iPhone12Pro, [000001BCC8C4B700][000001BCBBB28C40 49] iPhone12ProMax, [000001BCC8C11E00][000001BCBBB2CF00 49] iPadPro105, [000001BCC8C49400][000001BCBBB311C0 49] iPadPro129, [000001BCC8C13E00][000001BCBBB35480 49] iPadPro97, [000001BCC8C4A800][000001BCBBB39740 49] iPadPro2_129, [000001BCC8C12000][000001BCBBB3DA00 49] iPad5, [000001BCC8C4A300][000001BCBBB40140 49] iPad6, [000001BCC8C13B00][000001BCBBB44400 49] iPad7, [000001BCC8C49E00][000001BCBBB20680 49] iPad8, [000001BCC8C12500][000001BCBBD5E900 49] iPadPro11, [000001BCC8C4BE00][000001BCBBD66BC0 49] iPadPro2_11, [000001BCC8C11800][000001BCBBD6AE80 49] iPadPro3_129, [000001BCC8C4B500][000001BCBBD6F140 49] iPadPro4_129, [000001BCC8C10200][000001BCBBD73400 49] AppleTV, [000001BCC8C4BF00][000001BCBBD776C0 49] AppleTV4K, [000001BCC8C12600][000001BCBBD7B980 49] TVOS, [000001BCC8C48E00][000001BCBBD7E0C0 49] Mac, [000001BCC8C11D00][000001BCBBD82380 49] MacClient, [000001BCC8C4BA00][000001BCBBD86640 49] MacNoEditor, [000001BCC8C13A00][000001BCBBD628C0 49] MacServer, [000001BCC8C4B100][000001BCBBD8AB40 49] Linux, [000001BCC8C11600][000001BCBBD92E00 49] LinuxAArch64, [000001BCC8C48800][000001BCBBD970C0 49] LinuxNoEditor, [000001BCC8C10C00][000001BCBBD9B380 49] LinuxAArch64NoEditor, [000001BCC8C4BB00][000001BCBBD9F640 49] LinuxClient, [000001BCC8C13400][000001BCBBDA3900 49] LinuxAArch64Client, [000001BCC8C49A00][000001BCBBDA7BC0 49] LinuxServer, [000001BCC8C10700][000001BCBBDAA300 49] LinuxAArch64Server, [000001BCC8C4B300][000001BCBBDAE5C0 49] Android, [000001BCC8C12A00][000001BCBBDB2880 49] Android_Low, [000001BCC8C4AC00][000001BCBBD8EB00 49] Android_Mid, [000001BCC8C11F00][000001BCBBDB6D80 49] Android_High, [000001BCC8C4AA00][000001BCBBDBF040 49] Android_Default, [000001BCC8C13C00][000001BCBBDC3300 49] Android_Adreno4xx, [000001BCC8C48600][000001BCBBDC75C0 49] Android_Adreno5xx_Low, [000001BCC8C10300][000001BCBBDCB880 49] Android_Adreno5xx, [000001BCC8C49000][000001BCBBDCFB40 49] Android_Adreno6xx, [000001BCC8C12900][000001BCBBDD2280 49] Android_Adreno6xx_Vulkan, [000001BCC8C4A000][000001BCBBDD6540 49] Android_Mali_T6xx, [000001BCC8C12300][000001BCBBDDA800 49] Android_Mali_T7xx, [000001BCC8C49F00][000001BCBBDDEAC0 49] Android_Mali_T8xx, [000001BCC8C12D00][000001BCBBDBAD40 49] Android_Mali_G71, [000001BCC8BCF100][000001BCBBDE2FC0 49] Android_Mali_G72, [000001BCC8C17300][000001BCBBDEB280 49] Android_Mali_G72_Vulkan, [000001BCC8BCEB00][000001BCBBDEF540 49] Android_Mali_G76, [000001BCC8C14500][000001BCBBDF3800 49] Android_Mali_G76_Vulkan, [000001BCC8BCE600][000001BCBBDF7AC0 49] Android_Mali_G77, [000001BCC8C15600][000001BCBBDFA200 49] Android_Mali_G77_Vulkan, [000001BCC8BCE400][000001BCBBDFE4C0 49] Android_Mali_G78, [000001BCC8C14D00][000001BCBBE02780 49] Android_Mali_G78_Vulkan, [000001BCC8BCF500][000001BCBBE06A40 49] Android_Mali_G710, [000001BCC8C16F00][000001BCBBE0AD00 49] Android_Mali_G710_Vulkan, [000001BCC8BCFE00][000001BCBBDE6F80 49] Android_Vulkan_SM5, [000001BCC8C15E00][000001BCBBE13240 49] Android_PowerVR_G6xxx, [000001BCC8BCC500][000001BCBBE17500 49] Android_PowerVR_GT7xxx, [000001BCC8C14200][000001BCBBE1B7C0 49] Android_PowerVR_GE8xxx, [000001BCC8BCFB00][000001BCBBE1FA80 49] Android_PowerVR_GM9xxx, [000001BCC8C16500][000001BCBBE221C0 49] Android_PowerVR_GM9xxx_Vulkan, [000001BCC8BCDF00][000001BCBBE26480 49] Android_TegraK1, [000001BCC8C14A00][000001BCBBE2A740 49] Android_Unknown_Vulkan, [000001BCC8BCF900][000001BCBBE2EA00 49] Lumin, [000001BCC8C15200][000001BCBBE32CC0 49] Lumin_Desktop, [000001BCC8BCDE00][000001BCBBE0EF40 49] HoloLens, 
[2022.04.06-12.14.57:114][  0]LogMeshReduction: Using QuadricMeshReduction for automatic static mesh reduction
[2022.04.06-12.14.57:114][  0]LogMeshReduction: Using SimplygonMeshReduction for automatic skeletal mesh reduction
[2022.04.06-12.14.57:114][  0]LogMeshReduction: Using ProxyLODMeshReduction for automatic mesh merging
[2022.04.06-12.14.57:114][  0]LogMeshReduction: No distributed automatic mesh merging module available
[2022.04.06-12.14.57:114][  0]LogMeshMerging: No distributed automatic mesh merging module available
[2022.04.06-12.14.57:186][  0]LogNetVersion: CollabProject 1.0.0, NetCL: 17155196, EngineNetVer: 17, GameNetVer: 0 (Checksum: 1441764902)
[2022.04.06-12.14.57:359][  0]LogTexture: Default maximum texture size for cubemaps generated from long-lat sources has been changed from 512 to unlimited. In order to preserve old behaiour for '/Engine/MapTemplates/Sky/DaylightAmbientCubemap.DaylightAmbientCubemap', its maximum texture size has been explicitly set to 512.
[2022.04.06-12.14.57:398][  0]LogHMD: PokeAHoleMaterial loaded successfully
[2022.04.06-12.14.57:485][  0]LogMoviePlayer: Initializing movie player
[2022.04.06-12.14.57:587][  0]LogNiagaraDebuggerClient: Niagara Debugger Client Initialized | Session: CB891CB64600BED937FB2280583CEC9F | Instance: E62F43794DB706D3835BF492730F1256 (EIMISPC-1432).
[2022.04.06-12.14.57:604][  0]LogCollectionManager: Loaded 0 collections in 0.001215 seconds
[2022.04.06-12.14.57:606][  0]LogFileCache: Scanning file cache for directory 'C:/Users/eimis/OneDrive/Desktop/college year 2/Colab/game/New shortcut.lnk/Saved/Collections/' took 0.00s
[2022.04.06-12.14.57:606][  0]LogFileCache: Scanning file cache for directory 'C:/Users/eimis/OneDrive/Desktop/college year 2/Colab/game/New shortcut.lnk/Content/Developers/eimis/Collections/' took 0.00s
[2022.04.06-12.14.57:606][  0]LogFileCache: Scanning file cache for directory 'C:/Users/eimis/OneDrive/Desktop/college year 2/Colab/game/New shortcut.lnk/Content/Collections/' took 0.00s
[2022.04.06-12.14.57:606][  0]LogCollectionManager: Fixed up redirectors for 0 collections in 0.000002 seconds (updated 0 objects)
[2022.04.06-12.14.57:687][  0]LogImageWrapper: Warning: PNG Warning: Duplicate iCCP chunk
[2022.04.06-12.14.57:687][  0]LogImageWrapper: Warning: PNG Warning: Duplicate iCCP chunk
[2022.04.06-12.14.57:687][  0]LogPython: Using Python 3.7.7
[2022.04.06-12.14.58:035][  0]LogTcpMessaging: Initializing TcpMessaging bridge
[2022.04.06-12.14.58:039][  0]LogUdpMessaging: Initializing bridge on interface 0.0.0.0:0 to multicast group 230.0.0.1:6666.
[2022.04.06-12.14.58:081][  0]SourceControl: Source control is disabled
[2022.04.06-12.14.58:081][  0]SourceControl: Source control is disabled
[2022.04.06-12.14.58:083][  0]SourceControl: Source control is disabled
[2022.04.06-12.14.58:093][  0]LogUProjectInfo: Found projects:
[2022.04.06-12.14.58:099][  0]LogVSAccessor: Display: Unable to create Visual Studio setup instance: 80040154
[2022.04.06-12.14.58:099][  0]LogVSAccessor: Display: Unable to create Visual Studio setup instance: 80040154
[2022.04.06-12.14.58:099][  0]LogVSAccessor: Display: Unable to create Visual Studio setup instance: 80040154
[2022.04.06-12.14.58:191][  0]LogOpenImageDenoise: OIDN starting up
[2022.04.06-12.14.58:199][  0]LogAndroidPermission: UAndroidPermissionCallbackProxy::GetInstance
[2022.04.06-12.14.58:218][  0]LogAudioCaptureCore: Display: No Audio Capture implementations found. Audio input will be silent.
[2022.04.06-12.14.58:218][  0]LogAudioCaptureCore: Display: No Audio Capture implementations found. Audio input will be silent.
[2022.04.06-12.14.58:292][  0]LogOcInput: OculusInput pre-init called
[2022.04.06-12.14.58:300][  0]LogUObjectArray: 22121 objects as part of root set at end of initial load.
[2022.04.06-12.14.58:300][  0]LogUObjectAllocator: 5975440 out of 0 bytes used by permanent object pool.
[2022.04.06-12.14.58:300][  0]LogUObjectArray: CloseDisregardForGC: 0/0 objects in disregard for GC pool
[2022.04.06-12.14.58:341][  0]LogEngine: Initializing Engine...
[2022.04.06-12.14.58:397][  0]LogHMD: Failed to initialize OpenVR with code 108
[2022.04.06-12.14.58:405][  0]LogHMD: Optional extension XR_VARJO_quad_views is not available
[2022.04.06-12.14.58:405][  0]LogHMD: Warning: Required extension XR_EXT_eye_gaze_interaction is not available
[2022.04.06-12.14.58:405][  0]LogHMD: Could not enable all required OpenXR extensions for OpenXREyeTracker on current system. This plugin will be loaded but ignored, but will be enabled on a target platform that supports the required extension.
[2022.04.06-12.14.58:437][  0]LogHMD: Failed to create an OpenXR instance, result is XR_ERROR_RUNTIME_FAILURE. Please check if you have an OpenXR runtime installed. The following extensions were enabled:
[2022.04.06-12.14.58:437][  0]LogHMD: - XR_KHR_D3D11_enable
[2022.04.06-12.14.58:437][  0]LogHMD: - XR_KHR_D3D12_enable
[2022.04.06-12.14.58:437][  0]LogHMD: - XR_KHR_opengl_enable
[2022.04.06-12.14.58:437][  0]LogHMD: - XR_KHR_vulkan_enable
[2022.04.06-12.14.58:437][  0]LogHMD: - XR_KHR_composition_layer_depth
[2022.04.06-12.14.58:437][  0]LogHMD: - XR_KHR_visibility_mask
[2022.04.06-12.14.58:437][  0]LogHMD: - XR_EXT_hand_tracking
[2022.04.06-12.14.58:437][  0]LogMagicLeap: Warning: VR disabled because ZI is not enabled.  To enable, in the editor, Edit -> Project Settings -> Plugins -> Magic Leap Plugin -> Enable Zero Iteration
[2022.04.06-12.14.58:438][  0]LogStats: UGameplayTagsManager::InitializeManager -  0.000 s
[2022.04.06-12.14.58:505][  0]LogInit: Initializing FReadOnlyCVARCache
[2022.04.06-12.14.58:505][  0]LogAudio: Display: Initializing Audio Device Manager...
[2022.04.06-12.14.58:509][  0]LogAudio: Display: Loading Default Audio Settings Objects...
[2022.04.06-12.14.58:509][  0]LogAudio: Display: No default SoundConcurrencyObject specified (or failed to load).
[2022.04.06-12.14.58:510][  0]LogAudio: Display: Audio Device Manager Initialized
[2022.04.06-12.14.58:510][  0]LogAudio: Display: Creating Audio Device:                 Id: 1, Scope: Shared, Realtime: True
[2022.04.06-12.14.58:510][  0]LogAudioMixer: Display: Audio Mixer Platform Settings:
[2022.04.06-12.14.58:510][  0]LogAudioMixer: Display: 	Sample Rate:						  48000
[2022.04.06-12.14.58:510][  0]LogAudioMixer: Display: 	Callback Buffer Frame Size Requested: 1024
[2022.04.06-12.14.58:510][  0]LogAudioMixer: Display: 	Callback Buffer Frame Size To Use:	  1024
[2022.04.06-12.14.58:510][  0]LogAudioMixer: Display: 	Number of buffers to queue:			  2
[2022.04.06-12.14.58:510][  0]LogAudioMixer: Display: 	Max Channels (voices):				  32
[2022.04.06-12.14.58:510][  0]LogAudioMixer: Display: 	Number of Async Source Workers:		  0
[2022.04.06-12.14.58:510][  0]LogAudio: Display: AudioDevice MaxSources: 32
[2022.04.06-12.14.58:510][  0]LogAudio: Display: Audio Spatialization Plugin: None (built-in).
[2022.04.06-12.14.58:510][  0]LogAudio: Display: Audio Reverb Plugin: None (built-in).
[2022.04.06-12.14.58:510][  0]LogAudio: Display: Audio Occlusion Plugin: None (built-in).
[2022.04.06-12.14.58:510][  0]LogAudioMixer: Display: Initializing audio mixer.
[2022.04.06-12.14.58:519][  0]LogAudioMixer: Display: 0: FrontLeft
[2022.04.06-12.14.58:519][  0]LogAudioMixer: Display: 1: FrontRight
[2022.04.06-12.14.58:536][  0]LogAudioMixer: Display: Using Audio Device Speakers (Realtek(R) Audio)
[2022.04.06-12.14.58:538][  0]LogAudioMixer: Display: Initializing Sound Submixes...
[2022.04.06-12.14.58:539][  0]LogAudioMixer: Display: Creating Master Submix 'MasterSubmixDefault'
[2022.04.06-12.14.58:539][  0]LogAudioMixer: Display: Creating Master Submix 'MasterReverbSubmixDefault'
[2022.04.06-12.14.58:540][  0]LogAudioMixer: Display: Creating Master Submix 'MasterEQSubmixDefault'
[2022.04.06-12.14.58:540][  0]LogAudioMixer: FMixerPlatformXAudio2::StartAudioStream() called
[2022.04.06-12.14.58:540][  0]LogAudioMixer: Display: Output buffers initialized: Frames=1024, Channels=2, Samples=2048
[2022.04.06-12.14.58:541][  0]LogAudioMixer: Display: Starting AudioMixerPlatformInterface::RunInternal()
[2022.04.06-12.14.58:541][  0]LogAudioMixer: Display: FMixerPlatformXAudio2::SubmitBuffer() called for the first time
[2022.04.06-12.14.58:541][  0]LogInit: FAudioDevice initialized.
[2022.04.06-12.14.58:543][  0]LogNetVersion: Set ProjectVersion to 1.0.0.0. Version Checksum will be recalculated on next use.
[2022.04.06-12.14.58:545][  0]LogInit: Texture streaming: Enabled
[2022.04.06-12.14.58:610][  0]LogAudio: Display: Audio Device (ID: 1) registered with world 'Untitled'.
[2022.04.06-12.14.58:610][  0]LogSlate: Updating window title bar state: overlay mode, drag disabled, window buttons hidden, title bar hidden
[2022.04.06-12.14.58:610][  0]LogInit: Display: Game Engine Initialized.
[2022.04.06-12.14.58:611][  0]LogNiagaraEditor: GEditor isn't valid! Particle reset commands will not work for Niagara components!
[2022.04.06-12.14.58:706][  0]LogImageWrapper: Warning: PNG Warning: Duplicate iCCP chunk
[2022.04.06-12.14.58:706][  0]LogImageWrapper: Warning: PNG Warning: Duplicate iCCP chunk
[2022.04.06-12.14.58:706][  0]LogInit: Display: Starting Game.
[2022.04.06-12.14.58:706][  0]LogNet: Browse: /Game/FirstPersonBP/Maps/FirstPersonExampleMap?Name=Player
[2022.04.06-12.14.58:706][  0]LogLoad: LoadMap: /Game/FirstPersonBP/Maps/FirstPersonExampleMap?Name=Player
[2022.04.06-12.14.58:706][  0]LogWorld: BeginTearingDown for /Temp/Untitled_0
[2022.04.06-12.14.58:707][  0]LogWorld: UWorld::CleanupWorld for Untitled, bSessionEnded=true, bCleanupResources=true
[2022.04.06-12.14.58:707][  0]LogSlate: InvalidateAllWidgets triggered.  All widgets were invalidated
[2022.04.06-12.14.58:710][  0]LogAudio: Display: Audio Device unregistered from world 'None'.
[2022.04.06-12.14.58:713][  0]LogUObjectHash: Compacting FUObjectHashTables data took   0.85ms
[2022.04.06-12.14.59:073][  0]LogAudio: Display: Audio Device (ID: 1) registered with world 'FirstPersonExampleMap'.
[2022.04.06-12.14.59:079][  0]LogAIModule: Creating AISystem for world FirstPersonExampleMap
[2022.04.06-12.14.59:080][  0]LogLoad: Game class is 'FirstPersonGameMode_C'
[2022.04.06-12.14.59:085][  0]LogWorld: Bringing World /Game/FirstPersonBP/Maps/FirstPersonExampleMap.FirstPersonExampleMap up for play (max tick rate 0) at 2022.04.06-13.14.59
[2022.04.06-12.14.59:085][  0]LogWorld: Bringing up level for play took: 0.004855
[2022.04.06-12.14.59:088][  0]LogLoad: Took 0.382344 seconds to LoadMap(/Game/FirstPersonBP/Maps/FirstPersonExampleMap)
[2022.04.06-12.14.59:110][  0]LogSlate: Took 0.000154 seconds to synchronously load lazily loaded font '../../../Engine/Content/Slate/Fonts/Roboto-Regular.ttf' (155K)
[2022.04.06-12.14.59:125][  0]LogRenderer: Reallocating scene render targets to support 2552x1360 Format 10 NumSamples 1 (Frame:1).
[2022.04.06-12.14.59:125][  0]LogInit: Display: Engine is initialized. Leaving FEngineLoop::Init()
[2022.04.06-12.14.59:125][  0]LogLoad: (Engine Initialization) Total time: 4.76 seconds
[2022.04.06-12.14.59:125][  0]LogLoad: (Engine Initialization) Total Blueprint compile time: 0.00 seconds
[2022.04.06-12.14.59:147][  0]LogContentStreaming: Texture pool size now 1000 MB
[2022.04.06-12.14.59:150][  0]LogSlate: InvalidateAllWidgets triggered.  All widgets were invalidated
[2022.04.06-12.14.59:195][  0]LogRenderer: Reallocating scene render targets to support 128x128 Format 10 NumSamples 1 (Frame:1).
[2022.04.06-12.14.59:217][  0]LogRenderer: Reallocating scene render targets to support 2552x1360 Format 10 NumSamples 1 (Frame:2).
[2022.04.06-12.14.59:241][  1]LogSlate: Took 0.000133 seconds to synchronously load lazily loaded font '../../../Engine/Content/Slate/Fonts/Roboto-Regular.ttf' (155K)
[2022.04.06-12.15.52:367][308]LogWindowsDesktop: Alt-F4 pressed!
[2022.04.06-12.15.52:377][308]LogSlate: Window 'CollabProject (64-bit Development PCD3D_SM5) ' being destroyed
[2022.04.06-12.15.52:378][308]LogWindowsTextInputMethodSystem: Display: IME system deactivated.
[2022.04.06-12.15.52:383][308]LogSlate: Updating window title bar state: overlay mode, drag disabled, window buttons hidden, title bar hidden
[2022.04.06-12.15.52:383][308]LogEngine: All Windows Closed
[2022.04.06-12.15.52:383][308]LogWindows: FPlatformMisc::RequestExit(0)
[2022.04.06-12.15.52:383][308]LogWindows: FPlatformMisc::RequestExitWithStatus(0, 0)
[2022.04.06-12.15.52:383][308]LogCore: Engine exit requested (reason: Win RequestExit)
[2022.04.06-12.15.52:383][309]LogCore: Engine exit requested (reason: EngineExit() was called; note: exit was already requested)
[2022.04.06-12.15.52:383][309]LogInit: Display: PreExit Game.
[2022.04.06-12.15.52:396][309]LogWorld: BeginTearingDown for /Game/FirstPersonBP/Maps/FirstPersonExampleMap
[2022.04.06-12.15.52:396][309]LogWorld: UWorld::CleanupWorld for FirstPersonExampleMap, bSessionEnded=true, bCleanupResources=true
[2022.04.06-12.15.52:397][309]LogSlate: InvalidateAllWidgets triggered.  All widgets were invalidated
[2022.04.06-12.15.52:456][309]LogAudio: Display: Beginning Audio Device Manager Shutdown (Module: AudioMixerXAudio2)...
[2022.04.06-12.15.52:456][309]LogAudio: Display: Destroying 1 Remaining Audio Device(s)...
[2022.04.06-12.15.52:456][309]LogAudio: Display: Audio Device unregistered from world 'FirstPersonExampleMap'.
[2022.04.06-12.15.52:493][309]LogAudioMixer: FMixerPlatformXAudio2::StopAudioStream() called
[2022.04.06-12.15.52:494][309]LogAudioMixer: FMixerPlatformXAudio2::StopAudioStream() called
[2022.04.06-12.15.52:496][309]LogAudio: Display: Audio Device Manager Shutdown
[2022.04.06-12.15.52:498][309]LogExit: Preparing to exit.
[2022.04.06-12.15.53:060][309]LogSlate: Updating window title bar state: overlay mode, drag disabled, window buttons hidden, title bar hidden
[2022.04.06-12.15.53:063][309]LogUObjectHash: Compacting FUObjectHashTables data took   0.85ms
[2022.04.06-12.15.53:091][309]LogMoviePlayer: Shutting down movie player
[2022.04.06-12.15.53:288][309]LogDemo: Cleaned up 0 splitscreen connections with owner deletion
[2022.04.06-12.15.53:289][309]LogExit: Game engine shut down
[2022.04.06-12.15.53:326][309]LogExit: Object subsystem successfully closed.
[2022.04.06-12.15.53:339][309]LogShaderCompilers: Display: === FShaderJobCache stats ===
[2022.04.06-12.15.53:339][309]LogShaderCompilers: Display: Total job queries 0, among them cache hits 0 (0.00%)
[2022.04.06-12.15.53:339][309]LogShaderCompilers: Display: Tracking 0 distinct input hashes that result in 0 distinct outputs (0.00%)
[2022.04.06-12.15.53:339][309]LogShaderCompilers: Display: RAM used: 0.00 MB (0.00 GB) of 1638.40 MB (1.60 GB) budget. Usage: 0.00%
[2022.04.06-12.15.53:339][309]LogShaderCompilers: Display: ================================================
[2022.04.06-12.15.53:350][309]LogShaderCompilers: Display: Shaders left to compile 0
[2022.04.06-12.15.53:363][309]LogModuleManager: Shutting down and abandoning module SequenceRecorderSections (560)
[2022.04.06-12.15.53:363][309]LogModuleManager: Shutting down and abandoning module SequenceRecorder (558)
[2022.04.06-12.15.53:363][309]LogModuleManager: Shutting down and abandoning module AutomationController (556)
[2022.04.06-12.15.53:363][309]LogModuleManager: Shutting down and abandoning module AutomationWorker (554)
[2022.04.06-12.15.53:363][309]LogModuleManager: Shutting down and abandoning module Voice (552)
[2022.04.06-12.15.53:363][309]LogModuleManager: Shutting down and abandoning module AIModule (550)
[2022.04.06-12.15.53:363][309]LogModuleManager: Shutting down and abandoning module GameplayDebugger (549)
[2022.04.06-12.15.53:363][309]LogModuleManager: Shutting down and abandoning module AITestSuite (547)
[2022.04.06-12.15.53:363][309]LogModuleManager: Shutting down and abandoning module NavigationSystem (545)
[2022.04.06-12.15.53:363][309]LogModuleManager: Shutting down and abandoning module AnimGraph (542)
[2022.04.06-12.15.53:363][309]LogModuleManager: Shutting down and abandoning module SteamVREditor (540)
[2022.04.06-12.15.53:363][309]LogModuleManager: Shutting down and abandoning module ToolMenus (539)
[2022.04.06-12.15.53:363][309]LogModuleManager: Shutting down and abandoning module OculusMR (536)
[2022.04.06-12.15.53:363][309]LogModuleManager: Shutting down and abandoning module OpenXRInput (534)
[2022.04.06-12.15.53:363][309]LogModuleManager: Shutting down and abandoning module WmfMediaFactory (532)
[2022.04.06-12.15.53:363][309]LogModuleManager: Shutting down and abandoning module WebMMediaFactory (530)
[2022.04.06-12.15.53:363][309]LogModuleManager: Shutting down and abandoning module WebMMedia (528)
[2022.04.06-12.15.53:363][309]LogModuleManager: Shutting down and abandoning module OpenExrWrapper (526)
[2022.04.06-12.15.53:363][309]LogModuleManager: Shutting down and abandoning module ImgMediaFactory (524)
[2022.04.06-12.15.53:363][309]LogModuleManager: Shutting down and abandoning module AvfMediaFactory (522)
[2022.04.06-12.15.53:363][309]LogModuleManager: Shutting down and abandoning module TakeRecorderSources (520)
[2022.04.06-12.15.53:363][309]LogModuleManager: Shutting down and abandoning module TakeRecorder (519)
[2022.04.06-12.15.53:363][309]LogModuleManager: Shutting down and abandoning module TakeTrackRecorders (516)
[2022.04.06-12.15.53:363][309]LogModuleManager: Shutting down and abandoning module TakesCore (514)
[2022.04.06-12.15.53:363][309]LogModuleManager: Shutting down and abandoning module PlanarCut (512)
[2022.04.06-12.15.53:363][309]LogModuleManager: Shutting down and abandoning module MagicLeapMediaCodecFactory (510)
[2022.04.06-12.15.53:363][309]LogModuleManager: Shutting down and abandoning module MagicLeapMediaFactory (508)
[2022.04.06-12.15.53:363][309]LogModuleManager: Shutting down and abandoning module CharacterAI (506)
[2022.04.06-12.15.53:363][309]LogModuleManager: Shutting down and abandoning module SessionServices (504)
[2022.04.06-12.15.53:363][309]LogModuleManager: Shutting down and abandoning module MovieSceneCapture (502)
[2022.04.06-12.15.53:363][309]LogModuleManager: Shutting down and abandoning module LiveCoding (500)
[2022.04.06-12.15.53:363][309]LogModuleManager: Shutting down and abandoning module LevelSequence (498)
[2022.04.06-12.15.53:363][309]LogModuleManager: Shutting down and abandoning module MovieSceneTracks (496)
[2022.04.06-12.15.53:363][309]LogModuleManager: Shutting down and abandoning module MovieScene (494)
[2022.04.06-12.15.53:363][309]LogModuleManager: Shutting down and abandoning module StreamingPauseRendering (492)
[2022.04.06-12.15.53:363][309]LogModuleManager: Shutting down and abandoning module PortalServices (490)
[2022.04.06-12.15.53:363][309]LogModuleManager: Shutting down and abandoning module PortalRpc (488)
[2022.04.06-12.15.53:363][309]LogModuleManager: Shutting down and abandoning module MessagingRpc (486)
[2022.04.06-12.15.53:363][309]LogModuleManager: Shutting down and abandoning module AudioMixerXAudio2 (484)
[2022.04.06-12.15.53:363][309]LogModuleManager: Shutting down and abandoning module AudioMixerCore (483)
[2022.04.06-12.15.53:363][309]LogModuleManager: Shutting down and abandoning module ImageWriteQueue (480)
[2022.04.06-12.15.53:366][309]LogModuleManager: Shutting down and abandoning module ProfilerService (478)
[2022.04.06-12.15.53:586][309]LogModuleManager: Shutting down and abandoning module TaskGraph (476)
[2022.04.06-12.15.53:586][309]LogModuleManager: Shutting down and abandoning module OculusInput (474)
[2022.04.06-12.15.53:587][309]LogModuleManager: Shutting down and abandoning module Synthesis (472)
[2022.04.06-12.15.53:587][309]LogModuleManager: Shutting down and abandoning module ProceduralMeshComponent (470)
[2022.04.06-12.15.53:587][309]LogModuleManager: Shutting down and abandoning module MobilePatchingUtils (468)
[2022.04.06-12.15.53:587][309]LogModuleManager: Shutting down and abandoning module MediaCompositing (466)
[2022.04.06-12.15.53:587][309]LogModuleManager: Shutting down and abandoning module ImgMedia (464)
[2022.04.06-12.15.53:587][309]LogModuleManager: Shutting down and abandoning module GooglePAD (462)
[2022.04.06-12.15.53:587][309]LogModuleManager: Shutting down and abandoning module EditableMesh (460)
[2022.04.06-12.15.53:587][309]LogModuleManager: Shutting down and abandoning module CustomMeshComponent (458)
[2022.04.06-12.15.53:587][309]LogModuleManager: Shutting down and abandoning module CableComponent (456)
[2022.04.06-12.15.53:587][309]LogModuleManager: Shutting down and abandoning module AudioCapture (454)
[2022.04.06-12.15.53:587][309]LogModuleManager: Shutting down and abandoning module AudioCaptureRtAudio (453)
[2022.04.06-12.15.53:587][309]LogModuleManager: Shutting down and abandoning module ArchVisCharacter (450)
[2022.04.06-12.15.53:587][309]LogModuleManager: Shutting down and abandoning module AssetTags (448)
[2022.04.06-12.15.53:587][309]LogModuleManager: Shutting down and abandoning module AppleImageUtilsBlueprintSupport (446)
[2022.04.06-12.15.53:587][309]LogModuleManager: Shutting down and abandoning module AppleImageUtils (444)
[2022.04.06-12.15.53:587][309]LogModuleManager: Shutting down and abandoning module AndroidPermission (442)
[2022.04.06-12.15.53:587][309]LogModuleManager: Shutting down and abandoning module ActorLayerUtilities (440)
[2022.04.06-12.15.53:587][309]LogModuleManager: Shutting down and abandoning module TakeMovieScene (438)
[2022.04.06-12.15.53:587][309]LogModuleManager: Shutting down and abandoning module TemplateSequence (436)
[2022.04.06-12.15.53:587][309]LogModuleManager: Shutting down and abandoning module MotoSynth (434)
[2022.04.06-12.15.53:587][309]LogModuleManager: Shutting down and abandoning module OpenImageDenoise (432)
[2022.04.06-12.15.53:587][309]LogOpenImageDenoise: OIDN shutting down
[2022.04.06-12.15.53:587][309]LogModuleManager: Shutting down and abandoning module GeometryCollectionTracks (430)
[2022.04.06-12.15.53:587][309]LogModuleManager: Shutting down and abandoning module GeometryCollectionSequencer (429)
[2022.04.06-12.15.53:587][309]LogModuleManager: Shutting down and abandoning module MeshConversion (426)
[2022.04.06-12.15.53:587][309]LogModuleManager: Shutting down and abandoning module DynamicMesh (424)
[2022.04.06-12.15.53:587][309]LogModuleManager: Shutting down and abandoning module GeometryAlgorithms (422)
[2022.04.06-12.15.53:587][309]LogModuleManager: Shutting down and abandoning module GeometricObjects (420)
[2022.04.06-12.15.53:587][309]LogModuleManager: Shutting down and abandoning module MagicLeapSharedWorld (418)
[2022.04.06-12.15.53:587][309]LogModuleManager: Shutting down and abandoning module MagicLeapLightEstimation (416)
[2022.04.06-12.15.53:587][309]LogModuleManager: Shutting down and abandoning module LiveLinkSequencer (414)
[2022.04.06-12.15.53:587][309]LogModuleManager: Shutting down and abandoning module LiveLinkMovieScene (412)
[2022.04.06-12.15.53:587][309]LogModuleManager: Shutting down and abandoning module LiveLinkGraphNode (410)
[2022.04.06-12.15.53:587][309]LogModuleManager: Shutting down and abandoning module LiveLinkComponents (408)
[2022.04.06-12.15.53:587][309]LogModuleManager: Shutting down and abandoning module LiveLink (406)
